############################################################
Objective: Rastrigin
N: 128
d: 10
Seed: 22520278
Best solution: [ 1.90043524 -0.88826276 -0.92914795 -0.90166021 -0.01733903 -1.01215306
  0.23263141  2.16809834  1.02648106  0.86468494]
Best fitness: 38.357375529881686
############################################################
Objective: Rastrigin
N: 128
d: 10
Seed: 22520279
Best solution: [-2.04143188e+00  9.39562176e-01 -1.47806862e-01  1.58988790e-03
  9.04128883e-01  1.12909695e+00  1.91563506e+00 -1.11771872e+00
 -1.05415972e+00  1.03311063e+00]
Best fitness: 28.970665992422198
############################################################
Objective: Rastrigin
N: 128
d: 10
Seed: 22520280
Best solution: [-1.02841874  0.93720633 -0.89441715 -0.18800344 -0.98622859  0.14186251
  4.01542968 -0.01930123  0.85334406  0.06592697]
Best fitness: 38.54471681351841
############################################################
Objective: Rastrigin
N: 128
d: 10
Seed: 22520281
Best solution: [-0.92081531  0.22533301  0.04160136  0.13143424  0.01977604  1.84661847
  0.04157625 -2.11655804  1.17257143 -0.0623519 ]
Best fitness: 36.77532934603012
############################################################
Objective: Rastrigin
N: 128
d: 10
Seed: 22520282
Best solution: [ 0.18510449 -1.09278872 -2.94301847 -0.04768245 -1.05159016 -0.03221719
 -0.08138135 -1.95933276  2.97777451  2.8576742 ]
Best fitness: 46.80910695358282
############################################################
Objective: Rastrigin
N: 128
d: 10
Seed: 22520283
Best solution: [ 0.14437046  0.16602281  0.068888   -0.91884835  1.99135609  1.0667574
  1.04523328  0.24700633 -1.07586838 -1.86670698]
Best fitness: 38.311805992784215
############################################################
Objective: Rastrigin
N: 128
d: 10
Seed: 22520284
Best solution: [-2.0937548   1.07935376 -0.15706909 -0.86573765  0.94262862  0.98526701
 -1.0735781  -0.08060344  2.11129467 -2.0474037 ]
Best fitness: 34.51082585323678
############################################################
Objective: Rastrigin
N: 128
d: 10
Seed: 22520285
Best solution: [-0.98483685  0.05360947 -0.05918792  0.24369106  1.0074445   2.09054022
 -1.88692976  1.16706319  1.2018035   0.92603927]
Best fitness: 41.64499218403543
############################################################
Objective: Rastrigin
N: 128
d: 10
Seed: 22520286
Best solution: [-1.01520332  0.01021293  0.92281717  0.92836119  0.05681387 -0.87339888
  1.0338842  -1.75432755  0.19569864  0.95984101]
Best fitness: 31.387024546241392
############################################################
Objective: Rastrigin
N: 128
d: 10
Seed: 22520287
Best solution: [-0.29789445  0.11458431 -0.13575422  0.08773671  1.16559612 -1.09071563
  0.80857446 -0.89091431  0.06421327 -0.04589534]
Best fitness: 40.87878977236415
