############################################################
Objective: Rosenbrock
N: 8
d: 10
Seed: 22520278
Best solution: [6.48487563e-01 4.36587428e-01 2.02755841e-01 5.16840586e-02
 1.28283846e-02 1.03062650e-02 1.01175197e-02 1.01720931e-02
 1.00094567e-02 2.03046901e-04]
Best fitness: 6.971885354579653
############################################################
Objective: Rosenbrock
N: 8
d: 10
Seed: 22520279
Best solution: [9.81837722e-01 9.65828200e-01 9.32190447e-01 8.71550364e-01
 7.59998271e-01 5.79726589e-01 3.43810303e-01 1.29419893e-01
 2.51611227e-02 2.91849367e-04]
Best fitness: 2.422768533913373
############################################################
Objective: Rosenbrock
N: 8
d: 10
Seed: 22520280
Best solution: [4.97261732e-01 2.42214289e-01 6.93832927e-02 1.49673890e-02
 1.03292758e-02 1.02107928e-02 1.02083061e-02 1.02039085e-02
 1.00043606e-02 9.97989848e-05]
Best fitness: 7.6369062229991975
############################################################
Objective: Rosenbrock
N: 8
d: 10
Seed: 22520281
Best solution: [8.77862894e-01 7.69825700e-01 5.91703238e-01 3.45902731e-01
 1.30924983e-01 2.73634440e-02 1.08407412e-02 1.02271336e-02
 1.00369835e-02 1.49566345e-04]
Best fitness: 5.357234276552957
############################################################
Objective: Rosenbrock
N: 8
d: 10
Seed: 22520282
Best solution: [0.98262257 0.96374087 0.92900056 0.8640824  0.746805   0.56200508
 0.32379534 0.11495608 0.02160396 0.00100733]
Best fitness: 2.504779093586944
############################################################
Objective: Rosenbrock
N: 8
d: 10
Seed: 22520283
Best solution: [-9.00534492e-01  8.21515367e-01  6.80222322e-01  4.64272853e-01
  2.28124111e-01  6.26849214e-02  1.40728858e-02  1.02983979e-02
  1.00059005e-02  1.00607292e-04]
Best fitness: 8.51081469514449
############################################################
Objective: Rosenbrock
N: 8
d: 10
Seed: 22520284
Best solution: [5.30614825e-01 2.95119838e-01 9.81207297e-02 1.98472740e-02
 1.05105955e-02 1.01778546e-02 1.02022010e-02 1.02021209e-02
 1.00011571e-02 1.07700401e-04]
Best fitness: 7.481166320816537
############################################################
Objective: Rosenbrock
N: 8
d: 10
Seed: 22520285
Best solution: [ 0.84100144  0.70690643  0.5027486   0.24431743  0.03159284 -0.56826773
  0.83637934  1.00110314  1.14326901  1.31176968]
Best fitness: 74.317306263002
############################################################
Objective: Rosenbrock
N: 8
d: 10
Seed: 22520286
Best solution: [-8.61729363e-01  7.54212147e-01  5.75401103e-01  3.33682628e-01
  1.07265979e-01  2.14493749e-02  1.08583995e-02  9.31813170e-03
  1.03835769e-02 -1.35321426e-05]
Best fitness: 8.904390191675972
############################################################
Objective: Rosenbrock
N: 8
d: 10
Seed: 22520287
Best solution: [0.99237399 0.98294253 0.96457375 0.9293363  0.86645714 0.75690793
 0.57990285 0.34498945 0.12569537 0.01542486]
Best fitness: 1.4756816085383102
