############################################################
Objective: Ackley
N: 128
d: 10
Seed: 22520278
Best solution: [-0.5603463   0.52432663 -1.63637001  0.49157912  0.31736921  1.11836315
 -0.25103285 -1.12242671 -0.22891276  0.25882928]
Best fitness: 4.872266988096754
############################################################
Objective: Ackley
N: 128
d: 10
Seed: 22520279
Best solution: [-1.44738273 -1.11759633 -0.90048284  0.87940192 -0.29919918  0.1705429
  1.83736458 -0.01684478  0.631902   -0.36356085]
Best fitness: 4.9825473349436
############################################################
Objective: Ackley
N: 128
d: 10
Seed: 22520280
Best solution: [ 0.78910309  1.17682035  1.80892139  0.28644936  0.69736905  0.46874905
 -0.54690902 -0.25155507  0.14590046  0.8974556 ]
Best fitness: 4.855558360418851
############################################################
Objective: Ackley
N: 128
d: 10
Seed: 22520281
Best solution: [ 0.71666658 -0.41691094 -1.93163891 -0.15230865  1.38126448 -0.11927803
  0.2650358  -0.257937   -0.35136512 -2.06973593]
Best fitness: 5.429314082815349
############################################################
Objective: Ackley
N: 128
d: 10
Seed: 22520282
Best solution: [ 0.24981283 -0.6231078   0.33381005  0.03722603 -1.32675927  0.05379353
 -1.15259368 -0.67136837 -0.09182859  0.69708597]
Best fitness: 4.166868404715178
############################################################
Objective: Ackley
N: 128
d: 10
Seed: 22520283
Best solution: [ 0.10509605 -0.40504061 -0.10750283  1.08167264  1.90683169 -1.71621012
 -0.82852062  0.74511368  1.99785864  0.1799912 ]
Best fitness: 5.316983217699249
############################################################
Objective: Ackley
N: 128
d: 10
Seed: 22520284
Best solution: [ 0.29212942 -1.03399993  1.29540249 -0.32814866 -1.533634    1.07219831
 -1.01229575 -0.71934251  1.20463937  0.36440024]
Best fitness: 5.240296839311448
############################################################
Objective: Ackley
N: 128
d: 10
Seed: 22520285
Best solution: [ 0.73668477  1.07903767 -0.33023531  1.53767154 -0.57785776  0.22887369
 -0.52268712 -0.54183748 -0.75811991 -1.13687965]
Best fitness: 5.03379258565726
############################################################
Objective: Ackley
N: 128
d: 10
Seed: 22520286
Best solution: [ 0.95760587  0.20452638  0.45615217 -0.97848159  0.11770754 -0.2418697
 -0.22914289  0.55170858  1.11856021  0.06494382]
Best fitness: 3.704119430857372
############################################################
Objective: Ackley
N: 128
d: 10
Seed: 22520287
Best solution: [ 1.46126537 -0.00809904  0.85007931  0.4138735  -0.55535142  0.35698352
  0.8435194  -0.37035855  1.2809472   0.4612863 ]
Best fitness: 4.891825228011427
