############################################################
Objective: Ackley
N: 64
d: 10
Seed: 22520278
Best solution: [-0.0270003   0.02309265 -0.0464435  -0.10141137  0.02617532  0.13301126
 -0.0968839  -0.12239497  0.05250173  0.01603563]
Best fitness: 0.5956173361754407
############################################################
Objective: Ackley
N: 64
d: 10
Seed: 22520279
Best solution: [-0.11592048  0.03359208  0.05516539 -0.05840161 -0.0666872  -0.08481143
 -0.04702531 -0.10073941 -0.03319202 -0.08389545]
Best fitness: 0.553512552998296
############################################################
Objective: Ackley
N: 64
d: 10
Seed: 22520280
Best solution: [-0.01111886  0.17342797 -0.1734246   0.09819787  0.03603793 -0.14010115
 -0.01239062 -0.04339799  0.09399741 -0.21013813]
Best fitness: 1.1020596709895298
############################################################
Objective: Ackley
N: 64
d: 10
Seed: 22520281
Best solution: [-0.07130127 -0.06290727  0.00629781  0.1835273   0.15734753 -0.14549047
  0.05516688 -0.05264302  0.07403482 -0.10331664]
Best fitness: 0.9166774988825002
############################################################
Objective: Ackley
N: 64
d: 10
Seed: 22520282
Best solution: [-0.15939009 -0.04993174 -0.01394011  0.14607929  0.08042693  0.07875018
 -0.1082652  -0.08850658 -0.01396932 -0.0446614 ]
Best fitness: 0.7572439733130527
############################################################
Objective: Ackley
N: 64
d: 10
Seed: 22520283
Best solution: [-0.1370844   0.02838114 -0.086989   -0.05859489  0.06991725 -0.01291691
  0.0900953  -0.06497368  0.26046816  0.00552005]
Best fitness: 0.9142186006320618
############################################################
Objective: Ackley
N: 64
d: 10
Seed: 22520284
Best solution: [-0.08418213  0.05090949 -0.04658798  0.13290463  0.05824147 -0.06382941
 -0.07044015 -0.02390849 -0.12555716  0.01453094]
Best fitness: 0.5895334432465806
############################################################
Objective: Ackley
N: 64
d: 10
Seed: 22520285
Best solution: [-0.23850915 -0.05117344 -0.09856311 -0.03591638  0.01439184  0.14635063
  0.0101333  -0.06646027  0.13282955  0.0118787 ]
Best fitness: 0.9177355419815112
############################################################
Objective: Ackley
N: 64
d: 10
Seed: 22520286
Best solution: [-0.03404073  0.03890407  0.05403871  0.02562911 -0.0049334   0.02905918
  0.15312384  0.02309402  0.0345884  -0.15842717]
Best fitness: 0.5735896866517476
############################################################
Objective: Ackley
N: 64
d: 10
Seed: 22520287
Best solution: [ 0.05370024  0.0265888   0.05463892 -0.07218867  0.08730565 -0.13803125
  0.04359258 -0.10146461  0.18452727 -0.0751675 ]
Best fitness: 0.7953738649468112
