############################################################
Objective: Sphere
N: 8
d: 2
Seed: 22520278
Best solution: [-3.96940806e-21  1.19157687e-20]
Best fitness: 1.5774174498384843e-40
############################################################
Objective: Sphere
N: 8
d: 2
Seed: 22520279
Best solution: [-1.03399655e-21 -7.94301741e-22]
Best fitness: 1.7000641211740797e-42
############################################################
Objective: Sphere
N: 8
d: 2
Seed: 22520280
Best solution: [1.09504252e-23 3.86538844e-24]
Best fitness: 1.3485304030641644e-46
############################################################
Objective: Sphere
N: 8
d: 2
Seed: 22520281
Best solution: [-8.48927713e-22  4.51353930e-22]
Best fitness: 9.24398631386172e-43
############################################################
Objective: Sphere
N: 8
d: 2
Seed: 22520282
Best solution: [-4.63453303e-23  4.18133824e-23]
Best fitness: 3.8962485879531784e-45
############################################################
Objective: Sphere
N: 8
d: 2
Seed: 22520283
Best solution: [-7.31431156e-23 -5.74079150e-23]
Best fitness: 8.645584059841586e-45
############################################################
Objective: Sphere
N: 8
d: 2
Seed: 22520284
Best solution: [-2.63697533e-24 -4.21038630e-24]
Best fitness: 2.4680991704060374e-47
############################################################
Objective: Sphere
N: 8
d: 2
Seed: 22520285
Best solution: [-2.32089813e-23 -1.39012709e-22]
Best fitness: 1.98631900325577e-44
############################################################
Objective: Sphere
N: 8
d: 2
Seed: 22520286
Best solution: [-3.18523852e-24  1.92358604e-24]
Best fitness: 1.3845927688283678e-47
############################################################
Objective: Sphere
N: 8
d: 2
Seed: 22520287
Best solution: [1.71599223e-23 6.14647018e-22]
Best fitness: 3.780854201093551e-43
