############################################################
Objective: Griewank
N: 128
d: 10
Seed: 22520278
Best solution: [-28.85321766  14.02229343   1.04045447 -35.90795799  -9.09207722
  13.64346281  12.70993023  -3.8174044    7.96463137  -1.20909423]
Best fitness: 1.7045044738406134
############################################################
Objective: Griewank
N: 128
d: 10
Seed: 22520279
Best solution: [ -7.22359589 -19.97360532  19.35721781  16.20836702 -13.17360903
  16.08316088   0.14079837   9.59633509  11.46799754  -7.75185321]
Best fitness: 1.4509321521887422
############################################################
Objective: Griewank
N: 128
d: 10
Seed: 22520280
Best solution: [  2.46113517   9.0069753   -2.47899516 -22.16482517  -1.63768456
   5.73799472  -7.10961025   7.59598947  15.05141328  -3.43389297]
Best fitness: 1.2411525390949607
############################################################
Objective: Griewank
N: 128
d: 10
Seed: 22520281
Best solution: [-11.93013013  21.55220742  26.39268987 -35.89371502  -3.13661522
  -7.41628402  -9.28841897  -6.58411057   8.5062102   -1.86666356]
Best fitness: 1.6820913894187701
############################################################
Objective: Griewank
N: 128
d: 10
Seed: 22520282
Best solution: [  0.62037135 -25.09380406  -6.21144915  -3.32662863  33.12966369
  20.97480103   9.73510397  -9.01995754  12.57801517  19.89408865]
Best fitness: 1.7421426834237856
############################################################
Objective: Griewank
N: 128
d: 10
Seed: 22520283
Best solution: [ 14.60697822 -17.52169523 -17.9426946  -16.51023633   8.42485966
 -21.57142405 -10.5307453   -9.75300761  -3.09044867  13.71500004]
Best fitness: 1.505508650020564
############################################################
Objective: Griewank
N: 128
d: 10
Seed: 22520284
Best solution: [ 38.72065263 -22.91449783  -2.76477494  13.35965486  21.00489465
   4.08761674 -13.40764794  -3.69549327  26.21820021  -7.04563391]
Best fitness: 1.8996693147511605
############################################################
Objective: Griewank
N: 128
d: 10
Seed: 22520285
Best solution: [ 13.9327138   -2.1316133  -11.13251845   7.67631684 -14.13158139
  -3.95973435   5.42338937 -33.17336521 -18.46694328 -21.44049185]
Best fitness: 1.6319982990059292
############################################################
Objective: Griewank
N: 128
d: 10
Seed: 22520286
Best solution: [-25.34186303  12.0098597    0.65714661   3.12521007  -3.89795624
  25.28610135   0.50277838  27.66682772  -0.2197297   -1.12769437]
Best fitness: 1.554155564108147
############################################################
Objective: Griewank
N: 128
d: 10
Seed: 22520287
Best solution: [ 0.18649262 23.13340826 18.1059346  18.673802   -2.01955536 -6.40216633
 -5.35806441  8.37440233  3.98450604  2.97543736]
Best fitness: 1.3319499820936072
