############################################################
Objective: Sphere
N: 32
d: 2
Seed: 22520278
Best solution: [ 1.95238087e-06 -1.94084692e-06]
Best fitness: 7.578677800090217e-12
############################################################
Objective: Sphere
N: 32
d: 2
Seed: 22520279
Best solution: [-4.57336853e-07  2.39528284e-06]
Best fitness: 5.946536895746905e-12
############################################################
Objective: Sphere
N: 32
d: 2
Seed: 22520280
Best solution: [-7.69350557e-06  8.30162701e-07]
Best fitness: 5.987919813499325e-11
############################################################
Objective: Sphere
N: 32
d: 2
Seed: 22520281
Best solution: [-8.33379726e-06 -5.59649301e-06]
Best fitness: 1.0077291087667276e-10
############################################################
Objective: Sphere
N: 32
d: 2
Seed: 22520282
Best solution: [-1.36065257e-06  3.39248642e-07]
Best fitness: 1.9664650610206882e-12
############################################################
Objective: Sphere
N: 32
d: 2
Seed: 22520283
Best solution: [-2.90957313e-06  5.09503822e-08]
Best fitness: 8.46821172717501e-12
############################################################
Objective: Sphere
N: 32
d: 2
Seed: 22520284
Best solution: [2.01235320e-06 7.83129934e-07]
Best fitness: 4.6628578954793434e-12
############################################################
Objective: Sphere
N: 32
d: 2
Seed: 22520285
Best solution: [2.71721280e-06 1.51832729e-07]
Best fitness: 7.406298601311888e-12
############################################################
Objective: Sphere
N: 32
d: 2
Seed: 22520286
Best solution: [-1.76287252e-07  1.36219675e-06]
Best fitness: 1.8866571755236364e-12
############################################################
Objective: Sphere
N: 32
d: 2
Seed: 22520287
Best solution: [-1.11463701e-06 -7.43894500e-07]
Best fitness: 1.7957946851141206e-12
