############################################################
Objective: Rosenbrock
N: 128
d: 2
Seed: 22520278
Best solution: [0.7851695  0.61896857]
Best fitness: 0.04676590801338569
############################################################
Objective: Rosenbrock
N: 128
d: 2
Seed: 22520279
Best solution: [0.83755612 0.63096227]
Best fitness: 0.523948685580143
############################################################
Objective: Rosenbrock
N: 128
d: 2
Seed: 22520280
Best solution: [0.92141543 0.86093642]
Best fitness: 0.020408106651335557
############################################################
Objective: Rosenbrock
N: 128
d: 2
Seed: 22520281
Best solution: [0.99573317 1.01359277]
Best fitness: 0.04889553431827285
############################################################
Objective: Rosenbrock
N: 128
d: 2
Seed: 22520282
Best solution: [1.29343595 1.669008  ]
Best fitness: 0.08767960386386334
############################################################
Objective: Rosenbrock
N: 128
d: 2
Seed: 22520283
Best solution: [0.89293586 0.79962996]
Best fitness: 0.011989664961038511
############################################################
Objective: Rosenbrock
N: 128
d: 2
Seed: 22520284
Best solution: [0.88149466 0.79835429]
Best fitness: 0.05950398445611803
############################################################
Objective: Rosenbrock
N: 128
d: 2
Seed: 22520285
Best solution: [0.80288851 0.68229364]
Best fitness: 0.18070827580784354
############################################################
Objective: Rosenbrock
N: 128
d: 2
Seed: 22520286
Best solution: [1.37214666 1.86645899]
Best fitness: 0.16515175302029822
############################################################
Objective: Rosenbrock
N: 128
d: 2
Seed: 22520287
Best solution: [1.00667845 1.01003526]
Best fitness: 0.0011777613239681844
