############################################################
Objective: Ackley
N: 8
d: 10
Seed: 22520278
Best solution: [ 1.58638375e-15 -2.81064660e-15  4.74068424e-15 -1.59247885e-14
 -4.47074866e-15 -3.20489965e-15  9.86685636e-16 -4.01596676e-15
  2.61365735e-16  2.04382580e-15]
Best fitness: 2.1760371282653068e-14
############################################################
Objective: Ackley
N: 8
d: 10
Seed: 22520279
Best solution: [ 1.54038270e-15  1.74433179e-15 -9.27008254e-16  2.17672617e-16
 -1.20106092e-15  1.26549971e-15 -5.28770525e-16  1.23216981e-15
 -7.55950464e-16 -1.36336590e-15]
Best fitness: 3.9968028886505635e-15
############################################################
Objective: Ackley
N: 8
d: 10
Seed: 22520280
Best solution: [ 1.39902307e-12  7.62670160e-13 -3.24949499e-12  1.07715162e-12
 -7.11663394e-13  7.06582826e-13 -9.11218266e-10 -9.36168469e-13
  5.66747694e-13  1.46317665e-12]
Best fitness: 1.1526215537571716e-09
############################################################
Objective: Ackley
N: 8
d: 10
Seed: 22520281
Best solution: [-1.92534448e-17 -4.23473479e-16  1.48526618e-15  8.77988774e-15
 -6.53990624e-17 -1.45652352e-15  1.49308922e-15 -2.14971138e-16
  2.29454794e-16 -5.14914157e-16]
Best fitness: 1.1102230246251565e-14
############################################################
Objective: Ackley
N: 8
d: 10
Seed: 22520282
Best solution: [ 9.51970464e-01 -1.19896728e-08 -1.07153711e-08  1.57211265e-09
 -3.56872909e-09 -1.89899288e+00 -3.51961892e-09  6.52232363e-10
 -1.67045155e-09  7.57702950e-09]
Best fitness: 2.5787424712437255
############################################################
Objective: Ackley
N: 8
d: 10
Seed: 22520283
Best solution: [-2.88308776e-15  3.34704313e-16 -3.96270185e-16 -7.56507705e-16
  5.49623220e-16  3.86713902e-16 -1.06989572e-15  1.83184662e-15
 -8.33612054e-16  8.53665691e-16]
Best fitness: 3.9968028886505635e-15
############################################################
Objective: Ackley
N: 8
d: 10
Seed: 22520284
Best solution: [ 5.62720418e-09  6.50144830e-09 -2.57671321e-09  5.03516145e-09
 -1.66667911e-10 -8.71406815e-01  2.61000701e-09 -1.39509587e-09
 -1.03939805e-08 -1.82479346e-11]
Best fitness: 1.155148502709825
############################################################
Objective: Ackley
N: 8
d: 10
Seed: 22520285
Best solution: [-6.86976960e-16  1.04953114e-16 -1.78668759e-15  5.30542792e-17
  1.47250765e-15 -1.16391405e-15  1.80822256e-15 -4.89384830e-16
  3.30196877e-16 -3.29770081e-17]
Best fitness: 3.9968028886505635e-15
############################################################
Objective: Ackley
N: 8
d: 10
Seed: 22520286
Best solution: [ 7.35235756e-16 -2.37312170e-15  4.25074015e-16 -1.82552493e-15
 -1.69444228e-15 -1.35834094e-16 -1.20149090e-15 -2.06551191e-15
 -9.68197769e-16  9.03525477e-17]
Best fitness: 3.9968028886505635e-15
############################################################
Objective: Ackley
N: 8
d: 10
Seed: 22520287
Best solution: [ 6.22944497e-16 -1.03390076e-15 -6.56826690e-16  9.40984450e-16
 -7.19226833e-16 -8.86438057e-16  1.16566934e-15  8.62813166e-16
 -6.90174991e-16  3.25266064e-15]
Best fitness: 3.9968028886505635e-15
