############################################################
Objective: Griewank
N: 32
d: 2
Seed: 22520278
Best solution: [-3.23675315 -4.50324764]
Best fitness: 0.013120011739337745
############################################################
Objective: Griewank
N: 32
d: 2
Seed: 22520279
Best solution: [-3.17700772  4.29638421]
Best fitness: 0.013122433202253814
############################################################
Objective: Griewank
N: 32
d: 2
Seed: 22520280
Best solution: [-3.30700083  4.38747013]
Best fitness: 0.021952378773417602
############################################################
Objective: Griewank
N: 32
d: 2
Seed: 22520281
Best solution: [-6.30238975  9.04502849]
Best fitness: 0.03690084202784871
############################################################
Objective: Griewank
N: 32
d: 2
Seed: 22520282
Best solution: [-0.08206776 -8.9430842 ]
Best fitness: 0.0241805125857788
############################################################
Objective: Griewank
N: 32
d: 2
Seed: 22520283
Best solution: [0.04924809 0.12635884]
Best fitness: 0.0052011879223407
############################################################
Objective: Griewank
N: 32
d: 2
Seed: 22520284
Best solution: [ 3.00880474 -4.49644165]
Best fitness: 0.016831827461241455
############################################################
Objective: Griewank
N: 32
d: 2
Seed: 22520285
Best solution: [ 3.28919608 -4.50417746]
Best fitness: 0.019579125037422318
############################################################
Objective: Griewank
N: 32
d: 2
Seed: 22520286
Best solution: [6.2145075  0.02321959]
Best fitness: 0.012147021268519076
############################################################
Objective: Griewank
N: 32
d: 2
Seed: 22520287
Best solution: [0.02742095 0.22867362]
Best fitness: 0.013428735054317409
