############################################################
Objective: Rosenbrock
N: 32
d: 10
Seed: 22520278
Best solution: [0.6765845  0.48409435 0.23468574 0.05794227 0.00986715 0.02456418
 0.0182931  0.03804139 0.01747026 0.00403078]
Best fitness: 6.965032642780789
############################################################
Objective: Rosenbrock
N: 32
d: 10
Seed: 22520279
Best solution: [ 7.53733625e-01  5.90736429e-01  3.65330813e-01  1.22286801e-01
  2.98685380e-02  1.96881599e-02 -7.23403885e-03  1.11163272e-02
  1.12677507e-02 -4.63895431e-04]
Best fitness: 6.4520196538464525
############################################################
Objective: Rosenbrock
N: 32
d: 10
Seed: 22520280
Best solution: [ 0.85887581  0.7388163   0.52960652  0.32094497  0.17068022 -0.02196557
  0.01877344 -0.01681087 -0.01532893 -0.00450342]
Best fitness: 6.52914740843248
############################################################
Objective: Rosenbrock
N: 32
d: 10
Seed: 22520281
Best solution: [ 0.89726483  0.75442294  0.58274534  0.29120932  0.10330174  0.01806693
 -0.0226487   0.02731296 -0.01418337 -0.00606646]
Best fitness: 6.235842295798694
############################################################
Objective: Rosenbrock
N: 32
d: 10
Seed: 22520282
Best solution: [ 0.83571201  0.68618663  0.4776788   0.23047795  0.03691502 -0.01748893
  0.01851829  0.00592148 -0.0271819  -0.01595249]
Best fitness: 6.1800290806754905
############################################################
Objective: Rosenbrock
N: 32
d: 10
Seed: 22520283
Best solution: [ 0.80451939  0.6566526   0.45411257  0.22668138  0.07814377  0.05085625
  0.02830298  0.05704009 -0.02108376 -0.06172423]
Best fitness: 6.882036613902826
############################################################
Objective: Rosenbrock
N: 32
d: 10
Seed: 22520284
Best solution: [0.74664537 0.54920624 0.28394934 0.08589912 0.03707366 0.01384971
 0.00188502 0.02670476 0.00610517 0.00738704]
Best fitness: 6.67130546947647
############################################################
Objective: Rosenbrock
N: 32
d: 10
Seed: 22520285
Best solution: [ 0.75831274  0.62409028  0.42751403  0.15925776  0.01414563 -0.04113787
 -0.00248045 -0.00331485  0.03770516  0.02277695]
Best fitness: 7.042281803511026
############################################################
Objective: Rosenbrock
N: 32
d: 10
Seed: 22520286
Best solution: [-0.27291062  0.18708559  0.12746281  0.08407537 -0.12233219  0.114839
 -0.00842919  0.07842347  0.0447416  -0.06685005]
Best fitness: 15.241812708875264
############################################################
Objective: Rosenbrock
N: 32
d: 10
Seed: 22520287
Best solution: [ 0.25147042  0.06409919  0.06778279  0.02203999 -0.02849835  0.01307475
  0.02128886  0.03803596  0.03634534 -0.04054395]
Best fitness: 9.123246558767372
