############################################################
Objective: Rosenbrock
N: 32
d: 2
Seed: 22520278
Best solution: [0.98997137 0.98010055]
Best fitness: 0.0001009011273644628
############################################################
Objective: Rosenbrock
N: 32
d: 2
Seed: 22520279
Best solution: [1.03657168 1.07571489]
Best fitness: 0.0014897752150863344
############################################################
Objective: Rosenbrock
N: 32
d: 2
Seed: 22520280
Best solution: [1.04905971 1.10864324]
Best fitness: 0.008995364600976623
############################################################
Objective: Rosenbrock
N: 32
d: 2
Seed: 22520281
Best solution: [0.96588895 0.93508826]
Best fitness: 0.001624432697140536
############################################################
Objective: Rosenbrock
N: 32
d: 2
Seed: 22520282
Best solution: [1.02358809 1.04718362]
Best fitness: 0.0005865324376237911
############################################################
Objective: Rosenbrock
N: 32
d: 2
Seed: 22520283
Best solution: [1.07695398 1.16333735]
Best fitness: 0.007152153413098197
############################################################
Objective: Rosenbrock
N: 32
d: 2
Seed: 22520284
Best solution: [0.9998412  0.99709858]
Best fitness: 0.0006676507615667009
############################################################
Objective: Rosenbrock
N: 32
d: 2
Seed: 22520285
Best solution: [0.98978558 0.97981098]
Best fitness: 0.00010617008878804373
############################################################
Objective: Rosenbrock
N: 32
d: 2
Seed: 22520286
Best solution: [1.00991144 1.02070866]
Best fitness: 0.000160259120180855
############################################################
Objective: Rosenbrock
N: 32
d: 2
Seed: 22520287
Best solution: [1.06792369 1.13259852]
Best fitness: 0.010795504296390994
