############################################################
Objective: Ackley
N: 16
d: 2
Seed: 22520278
Best solution: [-1.92914503e-11  1.94594669e-10]
Best fitness: 5.530940150322294e-10
############################################################
Objective: Ackley
N: 16
d: 2
Seed: 22520279
Best solution: [-7.71978809e-11 -3.33781383e-11]
Best fitness: 2.378865993080126e-10
############################################################
Objective: Ackley
N: 16
d: 2
Seed: 22520280
Best solution: [-1.37661596e-11 -9.59958717e-12]
Best fitness: 4.746825155166334e-11
############################################################
Objective: Ackley
N: 16
d: 2
Seed: 22520281
Best solution: [-7.71500777e-12  2.43541872e-11]
Best fitness: 7.225908760233324e-11
############################################################
Objective: Ackley
N: 16
d: 2
Seed: 22520282
Best solution: [-5.02251531e-11 -1.54787202e-10]
Best fitness: 4.6027581745988755e-10
############################################################
Objective: Ackley
N: 16
d: 2
Seed: 22520283
Best solution: [-2.49103624e-12  3.33597921e-11]
Best fitness: 9.461631478302479e-11
############################################################
Objective: Ackley
N: 16
d: 2
Seed: 22520284
Best solution: [ 1.59380244e-09 -2.96377457e-10]
Best fitness: 4.5852357466458216e-09
############################################################
Objective: Ackley
N: 16
d: 2
Seed: 22520285
Best solution: [3.03393324e-11 1.10872539e-10]
Best fitness: 3.251234836909589e-10
############################################################
Objective: Ackley
N: 16
d: 2
Seed: 22520286
Best solution: [1.26621381e-10 3.59469954e-11]
Best fitness: 3.7229286320439314e-10
############################################################
Objective: Ackley
N: 16
d: 2
Seed: 22520287
Best solution: [-2.90085827e-12  2.54743868e-10]
Best fitness: 7.20568937850885e-10
