############################################################
Objective: Rastrigin
N: 8
d: 10
Seed: 22520278
Best solution: [-9.94931266e-01 -9.94922798e-01  3.08753363e-02  2.12920129e-05
 -9.94976300e-01 -7.90669160e-07  9.94960007e-01 -2.18319279e-06
  2.17537761e-05  9.46337711e-06]
Best fitness: 4.168371973551416
############################################################
Objective: Rastrigin
N: 8
d: 10
Seed: 22520279
Best solution: [ 4.75882804e-02  3.49847410e-09  9.94958244e-01 -9.94958631e-01
  3.50366204e-08 -1.59572348e-07 -9.94958766e-01 -5.20456073e-08
  9.94958757e-01  5.78234662e-08]
Best fitness: 4.425803184353612
############################################################
Objective: Rastrigin
N: 8
d: 10
Seed: 22520280
Best solution: [-1.89793898e-09  9.94958640e-01 -3.13866555e-09 -1.70715706e-09
 -1.47129759e-09  9.94958638e-01 -1.16344532e-09  9.94958638e-01
 -9.94958637e-01  4.05934004e-02]
Best fitness: 4.304992007045257
############################################################
Objective: Rastrigin
N: 8
d: 10
Seed: 22520281
Best solution: [ 9.94958637e-01  1.14685641e-09  1.39173849e-09 -6.62306787e-11
 -1.08124923e-09  1.65546437e-10 -9.94958639e-01  6.59350049e-10
 -9.94958638e-01  1.00637148e+00]
Best fitness: 4.005672939687457
############################################################
Objective: Rastrigin
N: 8
d: 10
Seed: 22520282
Best solution: [-1.91721586e-09 -8.17473771e-10 -1.69318439e-09 -9.97031357e-09
 -2.38736347e-09  2.70542176e-10  9.28452770e-02  1.01308817e-09
 -9.94958633e-01  1.08117635e-09]
Best fitness: 2.657436064190989
############################################################
Objective: Rastrigin
N: 8
d: 10
Seed: 22520283
Best solution: [-1.12276338e-09  2.90059857e-10  6.66796667e-10  3.78898744e-09
  9.94958638e-01  1.10662831e-09  1.95853493e-09  9.94958639e-01
  3.95052918e-11 -2.97064825e-09]
Best fitness: 1.9899181141865796
############################################################
Objective: Rastrigin
N: 8
d: 10
Seed: 22520284
Best solution: [-1.08887967e-09 -1.27465811e-09 -1.98991224e+00  2.23380186e-09
  1.20272263e-09 -3.42103938e-09  9.94958634e-01 -9.94958640e-01
 -9.94958632e-01 -9.94958631e-01]
Best fitness: 7.959667418927268
############################################################
Objective: Rastrigin
N: 8
d: 10
Seed: 22520285
Best solution: [-1.27938815e-09  1.98991224e+00  2.21574318e-09 -9.94958636e-01
 -9.94958637e-01 -9.94958639e-01  9.94958638e-01 -7.82468888e-09
 -2.92677588e-09 -9.94958642e-01]
Best fitness: 8.954626476020564
############################################################
Objective: Rastrigin
N: 8
d: 10
Seed: 22520286
Best solution: [ 2.35230216e-09  9.94958638e-01 -5.41470735e-09  5.27608773e-09
 -8.93492048e-10  2.20829957e-09  1.02336229e-09 -3.54111078e-09
 -4.13149765e-09 -9.94958638e-01]
Best fitness: 1.9899181141865938
############################################################
Objective: Rastrigin
N: 8
d: 10
Seed: 22520287
Best solution: [ 2.86790007e-09 -2.84506287e-09  9.94958635e-01  9.94958637e-01
  3.01804402e-09 -2.16715993e-10 -1.47279469e-09 -4.89955485e-09
 -9.94958636e-01  9.94958645e-01]
Best fitness: 3.9798362283731734
