############################################################
Objective: Rastrigin
N: 32
d: 2
Seed: 22520278
Best solution: [-5.54733896e-05  2.30465522e-05]
Best fitness: 7.158860420020119e-07
############################################################
Objective: Rastrigin
N: 32
d: 2
Seed: 22520279
Best solution: [ 0.00059358 -0.00040554]
Best fitness: 0.0001025281745086204
############################################################
Objective: Rastrigin
N: 32
d: 2
Seed: 22520280
Best solution: [-5.95583648e-05  2.33021900e-05]
Best fitness: 8.114614971077572e-07
############################################################
Objective: Rastrigin
N: 32
d: 2
Seed: 22520281
Best solution: [0.00091809 0.00319824]
Best fitness: 0.0021964611636633435
############################################################
Objective: Rastrigin
N: 32
d: 2
Seed: 22520282
Best solution: [-0.00040955  0.00030699]
Best fitness: 5.1973782998260276e-05
############################################################
Objective: Rastrigin
N: 32
d: 2
Seed: 22520283
Best solution: [-1.67604894e-06 -1.97299934e-05]
Best fitness: 7.778591992746442e-08
############################################################
Objective: Rastrigin
N: 32
d: 2
Seed: 22520284
Best solution: [-4.09786185e-05 -5.36586118e-05]
Best fitness: 9.043690951671124e-07
############################################################
Objective: Rastrigin
N: 32
d: 2
Seed: 22520285
Best solution: [-4.12451136e-05 -9.15200033e-05]
Best fitness: 1.9992109940858427e-06
############################################################
Objective: Rastrigin
N: 32
d: 2
Seed: 22520286
Best solution: [ 1.36395493e-04 -8.71561888e-05]
Best fitness: 5.19785890418234e-06
############################################################
Objective: Rastrigin
N: 32
d: 2
Seed: 22520287
Best solution: [0.00018931 0.00022532]
Best fitness: 1.7182382499925097e-05
