############################################################
Objective: Griewank
N: 16
d: 10
Seed: 22520278
Best solution: [-3.17181898 -0.39576133  0.311762    0.39776252  0.13105061 -7.81161077
  0.07299093  0.34431153 -0.38215303  0.60974689]
Best fitness: 0.12562645440066844
############################################################
Objective: Griewank
N: 16
d: 10
Seed: 22520279
Best solution: [ 6.05567959 -0.30831114  4.75978801 -0.51854761 -6.54331909 -0.52670707
 -0.90110745 -0.43843269  0.23246301  0.2572779 ]
Best fitness: 0.27604603229080904
############################################################
Objective: Griewank
N: 16
d: 10
Seed: 22520280
Best solution: [ 3.01485969  0.08361261  5.37454945 -1.3183378   7.39905331 -0.64111876
 -0.0938155   8.55902014  0.05592214 -1.28080539]
Best fitness: 0.36282238253341237
############################################################
Objective: Griewank
N: 16
d: 10
Seed: 22520281
Best solution: [-0.07533646  4.37188426  4.95652743  0.24893392 -6.20602148 -6.81231718
 -0.38125209 -8.29298804  8.35855934  0.34818084]
Best fitness: 0.31844221120137495
############################################################
Objective: Griewank
N: 16
d: 10
Seed: 22520282
Best solution: [-3.34766813 -8.8147614   0.5260805  -5.72117028  6.90978175 -0.54106934
  0.33451488 -0.45375968  0.27872427 -9.25611504]
Best fitness: 0.23197946829940364
############################################################
Objective: Griewank
N: 16
d: 10
Seed: 22520283
Best solution: [ 0.26886869 -4.39299756  0.01837046 -0.51425144 -7.16820675 -0.41708337
  0.13821227  0.81792633  0.35875971 -0.70715132]
Best fitness: 0.16894044588868262
############################################################
Objective: Griewank
N: 16
d: 10
Seed: 22520284
Best solution: [ 9.33689107  4.79607753  0.05626927  6.13179963  6.43368169  0.52531776
 -0.46828202  0.03328327  0.80598966 -0.82643548]
Best fitness: 0.215986179898495
############################################################
Objective: Griewank
N: 16
d: 10
Seed: 22520285
Best solution: [ 3.0258651   4.05358226 -0.32164593 -0.35291289 -0.15276187 -0.03589981
 -8.19320039 -0.63756494 -0.78872535 -9.62478602]
Best fitness: 0.18330110132624056
############################################################
Objective: Griewank
N: 16
d: 10
Seed: 22520286
Best solution: [ 9.60765351  4.48826447 -5.33728129  0.31565723  0.40702452 -0.47400106
  0.02134735 -8.45007451 -0.01052093  0.11618029]
Best fitness: 0.1298837122179577
############################################################
Objective: Griewank
N: 16
d: 10
Seed: 22520287
Best solution: [ 3.12911848e+00 -4.41379279e+00  2.12703249e-04  2.79446850e-01
  7.12843359e+00  7.41067635e+00  8.28985280e+00  5.28970118e-01
 -3.66793564e-01 -9.68655700e+00]
Best fitness: 0.11958544174818042
