############################################################
Objective: Rastrigin
N: 64
d: 10
Seed: 22520278
Best solution: [ 0.16563649 -0.9182532  -0.98564291  2.12851685 -0.17413572 -0.91374226
 -0.13859266  0.0824157  -0.01829422 -0.91672756]
Best fitness: 30.584226919464683
############################################################
Objective: Rastrigin
N: 64
d: 10
Seed: 22520279
Best solution: [-0.02538756 -1.77109003  0.95798196  0.04602135 -0.03111951  0.02119746
 -0.97535299 -1.77166695 -0.97498551  0.06359679]
Best fitness: 28.62344333198908
############################################################
Objective: Rastrigin
N: 64
d: 10
Seed: 22520280
Best solution: [-0.09400217 -0.06383546  1.0422802  -0.92619702  0.9527964   0.06816216
 -0.16529807  0.98123751 -1.14742001  2.05990655]
Best fitness: 24.340850133870205
############################################################
Objective: Rastrigin
N: 64
d: 10
Seed: 22520281
Best solution: [-1.06978496 -0.92722866 -2.98939158  0.17217372 -1.08156628  0.06849
  0.95102479  0.07855758  0.08911252  2.02689789]
Best fitness: 29.99899483463436
############################################################
Objective: Rastrigin
N: 64
d: 10
Seed: 22520282
Best solution: [-2.04628472  2.08745123 -1.05406306 -1.05577259 -0.07702217 -0.94895311
 -2.04818186  1.01627467  0.9443559   2.00325363]
Best fitness: 27.652994554166952
############################################################
Objective: Rastrigin
N: 64
d: 10
Seed: 22520283
Best solution: [-0.09253146  0.98325115  0.12853489  1.99176156 -0.97108501 -0.95475778
  0.9449883   1.05465226  0.10121225  0.94644138]
Best fitness: 18.78117323353996
############################################################
Objective: Rastrigin
N: 64
d: 10
Seed: 22520284
Best solution: [ 1.05542953e+00 -1.85411187e+00 -3.16165121e-02 -1.47183883e-03
  1.05435528e+00 -1.02243633e+00 -1.03709327e+00  1.96547478e+00
  1.93885883e+00  2.30493534e-02]
Best fitness: 22.135681298717017
############################################################
Objective: Rastrigin
N: 64
d: 10
Seed: 22520285
Best solution: [-2.00050819  0.24637937  0.9277281  -0.14607574  0.00263126  0.06307864
  0.04107529  2.03761002  1.0173448  -0.10973713]
Best fitness: 28.58912686519298
############################################################
Objective: Rastrigin
N: 64
d: 10
Seed: 22520286
Best solution: [ 0.99064984 -1.02975953 -2.07629122 -1.90905095 -2.00432974  1.07760488
 -0.95779833  0.10194828 -1.82760792 -0.10044788]
Best fitness: 33.10340283758988
############################################################
Objective: Rastrigin
N: 64
d: 10
Seed: 22520287
Best solution: [-0.89540097  1.09315182  0.06885593 -0.89109687  1.06050776  1.99322084
 -0.06337516 -0.1151537   0.01633574 -1.14266093]
Best fitness: 23.95519644853927
