############################################################
Objective: Rosenbrock
N: 64
d: 2
Seed: 22520278
Best solution: [0.96819551 0.95640389]
Best fitness: 0.03711665290921932
############################################################
Objective: Rosenbrock
N: 64
d: 2
Seed: 22520279
Best solution: [1.12591647 1.26178353]
Best fitness: 0.019341107620422474
############################################################
Objective: Rosenbrock
N: 64
d: 2
Seed: 22520280
Best solution: [0.93093408 0.87080035]
Best fitness: 0.0065023894207683185
############################################################
Objective: Rosenbrock
N: 64
d: 2
Seed: 22520281
Best solution: [0.8893503  0.77544443]
Best fitness: 0.036266879534392754
############################################################
Objective: Rosenbrock
N: 64
d: 2
Seed: 22520282
Best solution: [0.93255171 0.88189292]
Best fitness: 0.019531602478324587
############################################################
Objective: Rosenbrock
N: 64
d: 2
Seed: 22520283
Best solution: [1.02768936 1.0401788 ]
Best fitness: 0.026259972729022165
############################################################
Objective: Rosenbrock
N: 64
d: 2
Seed: 22520284
Best solution: [0.84850971 0.74103398]
Best fitness: 0.06732377944578624
############################################################
Objective: Rosenbrock
N: 64
d: 2
Seed: 22520285
Best solution: [0.9905617  0.98155579]
Best fitness: 0.00010086775614065609
############################################################
Objective: Rosenbrock
N: 64
d: 2
Seed: 22520286
Best solution: [0.87791083 0.77716084]
Best fitness: 0.01904464192102192
############################################################
Objective: Rosenbrock
N: 64
d: 2
Seed: 22520287
Best solution: [0.87871524 0.77993482]
Best fitness: 0.0207851926550839
