############################################################
Objective: Sphere
N: 128
d: 2
Seed: 22520278
Best solution: [0.02014966 0.01015682]
Best fitness: 0.0005091698334094476
############################################################
Objective: Sphere
N: 128
d: 2
Seed: 22520279
Best solution: [0.01576992 0.00584241]
Best fitness: 0.00028282419782491784
############################################################
Objective: Sphere
N: 128
d: 2
Seed: 22520280
Best solution: [-0.01779368 -0.02961835]
Best fitness: 0.0011938615453895057
############################################################
Objective: Sphere
N: 128
d: 2
Seed: 22520281
Best solution: [ 0.00621493 -0.00681851]
Best fitness: 8.51174528996465e-05
############################################################
Objective: Sphere
N: 128
d: 2
Seed: 22520282
Best solution: [-0.01551134  0.00164646]
Best fitness: 0.00024331239535475276
############################################################
Objective: Sphere
N: 128
d: 2
Seed: 22520283
Best solution: [ 0.00615552 -0.00744935]
Best fitness: 9.338334165694625e-05
############################################################
Objective: Sphere
N: 128
d: 2
Seed: 22520284
Best solution: [0.00445899 0.0207877 ]
Best fitness: 0.0004520109252863891
############################################################
Objective: Sphere
N: 128
d: 2
Seed: 22520285
Best solution: [-0.00902825 -0.00714737]
Best fitness: 0.0001325941047298294
############################################################
Objective: Sphere
N: 128
d: 2
Seed: 22520286
Best solution: [0.01751759 0.00536165]
Best fitness: 0.0003356131442101839
############################################################
Objective: Sphere
N: 128
d: 2
Seed: 22520287
Best solution: [ 0.00814071 -0.01490672]
Best fitness: 0.00028848137817792327
