############################################################
Objective: Rosenbrock
N: 128
d: 10
Seed: 22520278
Best solution: [ 1.29479274  1.07165121  0.55108848  0.59966398  0.33282571  0.5728097
  0.01092889 -0.84943523  0.66623813  1.11950785]
Best fitness: 236.22456271858684
############################################################
Objective: Rosenbrock
N: 128
d: 10
Seed: 22520279
Best solution: [ 1.09495855  0.16921277  0.03708401  0.37039094  0.18139819 -0.15750226
 -0.81803039  0.75152335  1.54813394  2.80826444]
Best fitness: 316.52783251972744
############################################################
Objective: Rosenbrock
N: 128
d: 10
Seed: 22520280
Best solution: [0.55903249 0.78064259 0.8336535  0.29284028 0.67771455 1.46926971
 1.34085311 1.35520045 2.31642295 4.34496296]
Best fitness: 396.9634587251377
############################################################
Objective: Rosenbrock
N: 128
d: 10
Seed: 22520281
Best solution: [ 0.19691046  0.04031671 -0.20187413  0.81856971 -0.10218288 -0.15870152
  0.16046742  1.05692862  1.43591874  1.51696769]
Best fitness: 281.6552082221354
############################################################
Objective: Rosenbrock
N: 128
d: 10
Seed: 22520282
Best solution: [-0.65756245  0.28739787  0.08025001 -0.28691687  0.38805712  0.53188652
  0.47542858  1.18685023  0.87441748 -0.10325085]
Best fitness: 241.14952784860117
############################################################
Objective: Rosenbrock
N: 128
d: 10
Seed: 22520283
Best solution: [ 0.82455348  0.35952244 -0.24774513 -0.16366833 -0.26712529  0.55462853
  0.1440502  -0.36214896  0.81587135  0.84367249]
Best fitness: 136.70256185736173
############################################################
Objective: Rosenbrock
N: 128
d: 10
Seed: 22520284
Best solution: [-0.31408454 -0.26421421  0.60084538  0.72135168  0.17734718  0.3592694
 -0.10056114 -0.60541186  0.41625768  0.17708578]
Best fitness: 129.05030221127862
############################################################
Objective: Rosenbrock
N: 128
d: 10
Seed: 22520285
Best solution: [ 0.86960527  0.60579064  0.82798663  0.49222528 -0.20912446  0.20947765
  0.16649423  0.90228416  1.36970098  0.75880493]
Best fitness: 287.45255338874546
############################################################
Objective: Rosenbrock
N: 128
d: 10
Seed: 22520286
Best solution: [ 0.30751802 -0.54358281  0.24161166 -0.45934416 -0.31214382  0.10371308
 -0.09218007 -0.72940756  1.08527053  1.69679183]
Best fitness: 220.52266469461955
############################################################
Objective: Rosenbrock
N: 128
d: 10
Seed: 22520287
Best solution: [ 0.08511105  0.14340459  0.80018762  0.81539971  0.18810902 -0.28384254
  0.53760407 -0.37064381  0.22763051 -0.52410392]
Best fitness: 203.65033176865626
