############################################################
Objective: Sphere
N: 16
d: 10
Seed: 22520278
Best solution: [-4.69125392e-10  4.16472808e-10 -5.36754825e-10 -8.78914768e-11
 -2.67381585e-11 -8.69732661e-11 -3.86004646e-10  1.91344074e-10
  3.77839794e-10 -5.24515414e-10]
Best fitness: 1.3011296353420303e-18
############################################################
Objective: Sphere
N: 16
d: 10
Seed: 22520279
Best solution: [ 4.22787556e-10  8.12837912e-10  9.55206249e-10  1.26052823e-09
  7.11445385e-10  1.56550910e-10  6.23759513e-10  4.56636732e-10
 -8.50732417e-10 -5.41509925e-10]
Best fitness: 5.4860395948856356e-18
############################################################
Objective: Sphere
N: 16
d: 10
Seed: 22520280
Best solution: [-3.34841523e-10 -7.12476892e-11 -4.36017303e-10  9.33461471e-10
 -8.76654455e-11  9.57995478e-10 -2.34095968e-10  9.74779213e-11
  5.36862758e-10 -2.20129039e-10]
Best fitness: 2.5050783328686414e-18
############################################################
Objective: Sphere
N: 16
d: 10
Seed: 22520281
Best solution: [ 1.91249938e-09 -7.58865456e-10 -1.10359271e-10 -3.80697458e-10
 -1.34294473e-10 -1.99433087e-10 -5.79974545e-10  1.00725156e-10
  7.62842021e-10  1.35090056e-09]
Best fitness: 7.20182523176977e-18
############################################################
Objective: Sphere
N: 16
d: 10
Seed: 22520282
Best solution: [ 2.36346232e-10 -1.95617583e-10 -3.86143481e-11  9.51513612e-11
  1.45742399e-10 -3.24589577e-11 -3.99953343e-11 -3.47212965e-10
  1.67107016e-10  7.18514811e-12]
Best fitness: 2.770979118165324e-19
############################################################
Objective: Sphere
N: 16
d: 10
Seed: 22520283
Best solution: [ 4.26555121e-10  1.53192668e-10 -1.98782271e-10  4.01354759e-10
  2.80733236e-10  3.49366894e-10  7.38613321e-10  1.34622955e-10
  2.63372042e-10 -1.00984535e-09]
Best fitness: 2.2597111183406918e-18
############################################################
Objective: Sphere
N: 16
d: 10
Seed: 22520284
Best solution: [ 2.89043810e-10 -5.22208013e-10  3.75734368e-11 -4.32266086e-10
  6.14914411e-10 -2.38010563e-10 -3.30289988e-10 -1.74336774e-10
  1.44445540e-11 -1.54807122e-10]
Best fitness: 1.1429407028313896e-18
############################################################
Objective: Sphere
N: 16
d: 10
Seed: 22520285
Best solution: [-6.65502216e-10 -4.57564114e-10  5.16185268e-10 -5.65905224e-10
  1.93361882e-10  1.10027331e-09  1.94783805e-10 -4.65967197e-10
  3.14170526e-10 -3.70014594e-11]
Best fitness: 2.84208263898648e-18
############################################################
Objective: Sphere
N: 16
d: 10
Seed: 22520286
Best solution: [-5.13658071e-10  2.12238044e-10  6.29977629e-10 -1.96644812e-10
 -3.56605483e-10  5.07992340e-10 -7.48412794e-10 -5.89591125e-10
  5.86158729e-10 -4.95637279e-10]
Best fitness: 2.6266320575668065e-18
############################################################
Objective: Sphere
N: 16
d: 10
Seed: 22520287
Best solution: [-9.30479701e-10 -9.68981395e-11  1.28403617e-09 -5.39328861e-10
  6.19264220e-10 -2.86192612e-10  1.15631759e-09  1.10321450e-09
  1.89009758e-09 -6.97795270e-10]
Best fitness: 9.893740328271012e-18
