############################################################
Objective: Rastrigin
N: 128
d: 2
Seed: 22520278
Best solution: [-0.99587564  0.01896932]
Best fitness: 1.0664301840865207
############################################################
Objective: Rastrigin
N: 128
d: 2
Seed: 22520279
Best solution: [ 0.00376038 -0.00711692]
Best fitness: 0.012852214478872526
############################################################
Objective: Rastrigin
N: 128
d: 2
Seed: 22520280
Best solution: [-0.02468619  0.03289342]
Best fitness: 0.33455728528065265
############################################################
Objective: Rastrigin
N: 128
d: 2
Seed: 22520281
Best solution: [0.04742098 0.02708277]
Best fitness: 0.588026737037378
############################################################
Objective: Rastrigin
N: 128
d: 2
Seed: 22520282
Best solution: [0.02873883 0.00877382]
Best fitness: 0.17868187809201075
############################################################
Objective: Rastrigin
N: 128
d: 2
Seed: 22520283
Best solution: [-0.01449489  0.01578758]
Best fitness: 0.09106229680802258
############################################################
Objective: Rastrigin
N: 128
d: 2
Seed: 22520284
Best solution: [-0.00651506  0.07339655]
Best fitness: 1.0584559715170023
############################################################
Objective: Rastrigin
N: 128
d: 2
Seed: 22520285
Best solution: [-0.03300451 -0.0208228 ]
Best fitness: 0.30123721957940575
############################################################
Objective: Rastrigin
N: 128
d: 2
Seed: 22520286
Best solution: [-0.06156148 -0.02811781]
Best fitness: 0.8990342662437527
############################################################
Objective: Rastrigin
N: 128
d: 2
Seed: 22520287
Best solution: [ 0.00814071 -0.01490672]
Best fitness: 0.057197515164020274
