############################################################
Objective: Rosenbrock
N: 16
d: 2
Seed: 22520278
Best solution: [0.8490435  0.71784709]
Best fitness: 0.02370461074032531
############################################################
Objective: Rosenbrock
N: 16
d: 2
Seed: 22520279
Best solution: [1.00005094 1.00007567]
Best fitness: 7.1370213428017e-08
############################################################
Objective: Rosenbrock
N: 16
d: 2
Seed: 22520280
Best solution: [0.99999076 0.99998282]
Best fitness: 2.5150591478541854e-10
############################################################
Objective: Rosenbrock
N: 16
d: 2
Seed: 22520281
Best solution: [1.00000396 1.00000769]
Best fitness: 2.1578753327131413e-11
############################################################
Objective: Rosenbrock
N: 16
d: 2
Seed: 22520282
Best solution: [1.00010232 1.0002172 ]
Best fitness: 2.621423826635106e-08
############################################################
Objective: Rosenbrock
N: 16
d: 2
Seed: 22520283
Best solution: [1.00001789 1.00003471]
Best fitness: 4.3441162741978697e-10
############################################################
Objective: Rosenbrock
N: 16
d: 2
Seed: 22520284
Best solution: [0.99999565 0.99999131]
Best fitness: 1.8902314549083905e-11
############################################################
Objective: Rosenbrock
N: 16
d: 2
Seed: 22520285
Best solution: [0.99964975 0.99932595]
Best fitness: 1.919829343116735e-07
############################################################
Objective: Rosenbrock
N: 16
d: 2
Seed: 22520286
Best solution: [1.00009693 1.00019374]
Best fitness: 9.39712174398908e-09
############################################################
Objective: Rosenbrock
N: 16
d: 2
Seed: 22520287
Best solution: [0.99772926 0.99597672]
Best fitness: 3.1477815522886455e-05
