############################################################
Objective: Sphere
N: 8
d: 10
Seed: 22520278
Best solution: [ 3.23425101e-11 -5.83750562e-11  1.99166458e-06 -2.02454491e-11
 -4.49239465e-12 -1.19577516e-10  4.15031002e-12 -4.40252490e-11
  4.46966466e-11  1.01808002e-10]
Best fitness: 3.9667278224809095e-12
############################################################
Objective: Sphere
N: 8
d: 10
Seed: 22520279
Best solution: [ 7.37320220e-09 -2.51197392e-09  3.08052601e-09 -2.71186168e-04
  8.01541555e-09 -8.27459685e-09  5.33698212e-09 -1.91451621e-09
  1.12604706e-09 -1.67061951e-09]
Best fitness: 7.354193793122242e-08
############################################################
Objective: Sphere
N: 8
d: 10
Seed: 22520280
Best solution: [ 6.75235111e-16 -1.70036932e-16 -4.45825559e-13  7.04853585e-16
  1.55515299e-16 -6.30230484e-18 -1.19887877e-16 -1.70963965e-16
  3.66490094e-16 -1.61638017e-16]
Best fitness: 1.9876163856635124e-25
############################################################
Objective: Sphere
N: 8
d: 10
Seed: 22520281
Best solution: [-4.47956803e-15 -8.79481061e-15 -1.67359628e-14  4.74328750e-15
 -3.62461666e-12 -8.37922346e-15 -8.88030291e-15 -4.68829985e-15
  1.63191162e-14 -7.43601607e-15]
Best fitness: 1.3138738581427632e-23
############################################################
Objective: Sphere
N: 8
d: 10
Seed: 22520282
Best solution: [-9.87314115e-21  7.20992459e-21 -6.62399373e-21 -8.74751675e-22
 -1.62983618e-20 -6.46413415e-21 -1.46591792e-21 -9.82963237e-22
 -9.05281309e-22  4.01455278e-21]
Best fitness: 5.21577338481512e-40
############################################################
Objective: Sphere
N: 8
d: 10
Seed: 22520283
Best solution: [-6.38791273e-21  3.88793178e-20  5.66232362e-21 -3.56366432e-21
  2.76462760e-21  1.57209029e-20 -2.81088324e-20 -7.89470907e-21
 -2.56891537e-20  2.80049896e-20]
Best fitness: 4.1486032982074066e-39
############################################################
Objective: Sphere
N: 8
d: 10
Seed: 22520284
Best solution: [ 1.62789628e-20  4.19781419e-21  6.41744070e-21  1.32217066e-20
 -2.01551251e-20  2.38717227e-20 -6.77008652e-21  1.15136315e-20
  1.56596969e-20  9.23255847e-21]
Best fitness: 1.9835755798179194e-39
############################################################
Objective: Sphere
N: 8
d: 10
Seed: 22520285
Best solution: [ 7.98343836e-21  6.16345426e-21  1.42207144e-20 -2.45574427e-20
 -1.90921218e-20  8.78819723e-21  1.07404317e-20 -1.84674231e-20
  1.06451346e-20 -7.18495675e-22]
Best fitness: 1.9189994070393075e-39
############################################################
Objective: Sphere
N: 8
d: 10
Seed: 22520286
Best solution: [ 4.47926507e-19  3.61598084e-19  2.70022899e-19 -2.92759612e-19
 -9.71348026e-19 -1.82205204e-18  5.49608070e-19  9.51897678e-19
 -6.72346513e-20 -5.93683830e-20]
Best fitness: 5.9696258462350406e-36
############################################################
Objective: Sphere
N: 8
d: 10
Seed: 22520287
Best solution: [-1.36331849e-22  5.50450598e-23 -1.45810598e-22 -1.05154229e-22
 -3.92046850e-23 -9.16645778e-23 -5.14784163e-23  9.79190713e-23
 -5.27969648e-22  2.02086281e-22]
Best fitness: 3.957028625439675e-43
