############################################################
Objective: Ackley
N: 32
d: 2
Seed: 22520278
Best solution: [-4.44008317e-06  1.22975229e-04]
Best fitness: 0.0003484563362623483
############################################################
Objective: Ackley
N: 32
d: 2
Seed: 22520279
Best solution: [1.18203186e-05 2.35363410e-06]
Best fitness: 3.40931067737138e-05
############################################################
Objective: Ackley
N: 32
d: 2
Seed: 22520280
Best solution: [2.95736136e-05 5.77006814e-05]
Best fitness: 0.00018350152469936987
############################################################
Objective: Ackley
N: 32
d: 2
Seed: 22520281
Best solution: [3.06245357e-05 8.54492267e-05]
Best fitness: 0.00025695946629200606
############################################################
Objective: Ackley
N: 32
d: 2
Seed: 22520282
Best solution: [-4.98506200e-06 -1.34634767e-05]
Best fitness: 4.0612487805180564e-05
############################################################
Objective: Ackley
N: 32
d: 2
Seed: 22520283
Best solution: [-1.41982233e-05 -1.92834163e-05]
Best fitness: 6.774648509422221e-05
############################################################
Objective: Ackley
N: 32
d: 2
Seed: 22520284
Best solution: [3.40237551e-05 1.49420617e-06]
Best fitness: 9.635735326130046e-05
############################################################
Objective: Ackley
N: 32
d: 2
Seed: 22520285
Best solution: [-1.47756034e-05  1.06301572e-06]
Best fitness: 4.190557699645936e-05
############################################################
Objective: Ackley
N: 32
d: 2
Seed: 22520286
Best solution: [-9.42302213e-06 -1.05656193e-05]
Best fitness: 4.004788010236737e-05
############################################################
Objective: Ackley
N: 32
d: 2
Seed: 22520287
Best solution: [ 6.77699143e-06 -2.12362479e-05]
Best fitness: 6.306278924173014e-05
