############################################################
Objective: Rastrigin
N: 32
d: 10
Seed: 22520278
Best solution: [ 0.88662683  0.05689545  1.94826784 -0.8493801  -0.99134403 -1.0544192
  0.98346538  0.0606502  -2.03619741  0.05811704]
Best fitness: 22.544482434611183
############################################################
Objective: Rastrigin
N: 32
d: 10
Seed: 22520279
Best solution: [ 1.95973942  1.02972273 -0.04766481 -1.06048472 -0.94291012  0.08886792
 -1.10846841  0.01291182 -0.02345129 -1.18712965]
Best fitness: 21.89633815611694
############################################################
Objective: Rastrigin
N: 32
d: 10
Seed: 22520280
Best solution: [ 2.08546518  0.05703218 -0.94432149  0.95193618 -0.02090728  0.93554149
  0.03671144 -1.0193716   0.07026843  0.89731478]
Best fitness: 16.180625068398868
############################################################
Objective: Rastrigin
N: 32
d: 10
Seed: 22520281
Best solution: [-1.97081642  0.96464942 -0.22091533  0.05027133 -1.97491839 -0.09429296
  0.0064215  -0.99414588 -1.13799491 -0.0751947 ]
Best fitness: 26.622797980349702
############################################################
Objective: Rastrigin
N: 32
d: 10
Seed: 22520282
Best solution: [ 0.92937262  0.07535719 -0.97516275 -0.92466004  0.02510495 -0.03164436
  1.05229913  1.0736255  -1.98953331  1.1574794 ]
Best fitness: 19.962486815869156
############################################################
Objective: Rastrigin
N: 32
d: 10
Seed: 22520283
Best solution: [-0.91092053  1.04578175 -0.09412464  0.01051456  0.78324912 -0.01297989
  0.06350489 -0.97439778 -0.09442586 -1.03268575]
Best fitness: 19.024937363258488
############################################################
Objective: Rastrigin
N: 32
d: 10
Seed: 22520284
Best solution: [ 0.86955837  2.00665938  0.86033278 -0.05338121 -0.01317951 -0.08576623
  0.06910208  0.83317191  0.85673094 -0.07954452]
Best fitness: 26.719688257641593
############################################################
Objective: Rastrigin
N: 32
d: 10
Seed: 22520285
Best solution: [ 1.02318019  1.99712693  0.85037008 -0.0588232   0.04717993 -0.13831821
  0.93247076  0.00826697  1.0737752  -0.03185431]
Best fitness: 18.829036350971194
############################################################
Objective: Rastrigin
N: 32
d: 10
Seed: 22520286
Best solution: [-1.03837099  0.07353752  1.02448857 -0.11961713  2.07536     1.00375797
 -0.01929661 -0.93938048  0.99176822 -1.12972798]
Best fitness: 19.803190062715302
############################################################
Objective: Rastrigin
N: 32
d: 10
Seed: 22520287
Best solution: [ 0.90068269 -0.00907558  0.9545724  -1.08352603  0.99688116  0.20936278
 -0.95401992  0.024708    0.03471663 -0.01394582]
Best fitness: 16.783942301518692
