############################################################
Objective: Rosenbrock
N: 16
d: 10
Seed: 22520278
Best solution: [0.88956853 0.78397744 0.61587027 0.38016243 0.1536489  0.02046254
 0.00694701 0.00671257 0.00556746 0.00499469]
Best fitness: 5.257262980260523
############################################################
Objective: Rosenbrock
N: 16
d: 10
Seed: 22520279
Best solution: [0.95226576 0.9145029  0.85121551 0.72225761 0.5248979  0.25996753
 0.06718091 0.00990186 0.01400658 0.00216368]
Best fitness: 3.781401168812466
############################################################
Objective: Rosenbrock
N: 16
d: 10
Seed: 22520280
Best solution: [ 0.89408362  0.7963697   0.64675191  0.4321495   0.19805101  0.04132218
  0.00768228  0.01396881  0.00680299 -0.0034485 ]
Best fitness: 5.083076355725142
############################################################
Objective: Rosenbrock
N: 16
d: 10
Seed: 22520281
Best solution: [0.83620007 0.70076764 0.48936532 0.24987708 0.0716559  0.01311862
 0.00799171 0.01205733 0.01032567 0.00208881]
Best fitness: 5.772594682636337
############################################################
Objective: Rosenbrock
N: 16
d: 10
Seed: 22520282
Best solution: [ 9.61402092e-01  9.43416684e-01  8.97556555e-01  7.94273589e-01
  5.99343435e-01  3.46654174e-01  1.15495710e-01  3.03228831e-02
  1.55443329e-02 -8.46548106e-04]
Best fitness: 3.559444461967277
############################################################
Objective: Rosenbrock
N: 16
d: 10
Seed: 22520283
Best solution: [0.96275348 0.93048843 0.84777519 0.6897317  0.47136195 0.22083964
 0.03880596 0.01984661 0.0108533  0.00933893]
Best fitness: 4.058171282664903
############################################################
Objective: Rosenbrock
N: 16
d: 10
Seed: 22520284
Best solution: [0.90240494 0.80945509 0.65876178 0.4409641  0.20436752 0.05093245
 0.01823827 0.01171155 0.00956277 0.00484221]
Best fitness: 5.005428536456915
############################################################
Objective: Rosenbrock
N: 16
d: 10
Seed: 22520285
Best solution: [ 9.50000585e-01  8.88164852e-01  7.89679043e-01  6.23799361e-01
  3.82165147e-01  1.69348488e-01  3.44094000e-02 -7.01083955e-04
  6.98741106e-03  1.01419338e-02]
Best fitness: 4.290774477882934
############################################################
Objective: Rosenbrock
N: 16
d: 10
Seed: 22520286
Best solution: [ 9.39951542e-01  8.82493432e-01  7.90890749e-01  6.25740290e-01
  3.88686750e-01  1.51272038e-01  2.78244992e-02  1.32737355e-02
  8.79042894e-03 -5.28134814e-04]
Best fitness: 4.237590786723509
############################################################
Objective: Rosenbrock
N: 16
d: 10
Seed: 22520287
Best solution: [ 0.93930376  0.89501644  0.80363698  0.64510455  0.42667138  0.19753875
  0.03770757  0.01345998  0.00519837 -0.00151779]
Best fitness: 4.110139185244947
