############################################################
Objective: Griewank
N: 32
d: 10
Seed: 22520278
Best solution: [  6.16850152  -4.3982268  -11.44431421   6.72289454  -0.77965033
  -7.3325196    0.73104398   9.06878728  -1.32894299  -0.30301215]
Best fitness: 0.3559344534797175
############################################################
Objective: Griewank
N: 32
d: 10
Seed: 22520279
Best solution: [ 6.45042349  0.11483599 -5.08437814 -7.2018848  -0.49940555 -7.3251185
 -1.13123761 -7.96207719 -0.74569267 -0.5950742 ]
Best fitness: 0.3775251811863979
############################################################
Objective: Griewank
N: 32
d: 10
Seed: 22520280
Best solution: [-6.42468049  0.73411416 -0.07743718 -6.56361156 -0.25896572  1.50858251
 -0.37947937 -8.14378128  0.09189033  0.14689366]
Best fitness: 0.38045250398302477
############################################################
Objective: Griewank
N: 32
d: 10
Seed: 22520281
Best solution: [ -9.17908048  -4.15988514 -10.70350883   0.29568139  -0.63297193
   0.11734824  -7.15661349   8.39261294   0.7968696    1.15579925]
Best fitness: 0.363677679105066
############################################################
Objective: Griewank
N: 32
d: 10
Seed: 22520282
Best solution: [12.29545578  4.51994453 -4.88526548  6.17990291  7.80604556  0.19740348
  0.46504279  0.55802797 -0.93413885 -0.08674179]
Best fitness: 0.2895643778454532
############################################################
Objective: Griewank
N: 32
d: 10
Seed: 22520283
Best solution: [-3.22207265  8.42358433 -5.20256095 -6.43578356 -6.86000172 -8.09495178
  0.49219756  0.6070348  -9.05169603  0.04369935]
Best fitness: 0.21219684066068867
############################################################
Objective: Griewank
N: 32
d: 10
Seed: 22520284
Best solution: [ -0.01986691 -13.15861243   5.64103637  -0.06418619   6.69770671
  -7.40646483  -0.57772896   0.3852049    0.20215124   1.23889865]
Best fitness: 0.2131515085365211
############################################################
Objective: Griewank
N: 32
d: 10
Seed: 22520285
Best solution: [-12.72447296 -17.32584569 -11.27263211   5.65197459   0.77188225
  -7.573514     7.97363481  -9.2961354   -0.6474504    0.55877636]
Best fitness: 0.43579030588906886
############################################################
Objective: Griewank
N: 32
d: 10
Seed: 22520286
Best solution: [ 1.27812914e+01  8.33419360e-04 -1.01280001e+00  6.31844445e+00
 -1.09574174e+00  4.55687816e-01 -8.57878173e+00 -1.47530673e+00
  9.13576810e-01  4.79752412e-02]
Best fitness: 0.4894270605958807
############################################################
Objective: Griewank
N: 32
d: 10
Seed: 22520287
Best solution: [ 3.42763495e+00 -7.26858118e-04 -1.25356745e-01  1.03642601e+00
 -6.55010821e+00 -9.92142729e-01 -1.61231946e+01 -5.02505975e-01
  3.70493229e-02 -3.51926750e-01]
Best fitness: 0.3618396350601548
