############################################################
Objective: Rastrigin
N: 64
d: 2
Seed: 22520278
Best solution: [0.03379347 0.01219388]
Best fitness: 0.25520261937510824
############################################################
Objective: Rastrigin
N: 64
d: 2
Seed: 22520279
Best solution: [-0.0533974   0.00503838]
Best fitness: 0.5654480678215812
############################################################
Objective: Rastrigin
N: 64
d: 2
Seed: 22520280
Best solution: [-0.01066967 -0.02776483]
Best fitness: 0.17512899252138325
############################################################
Objective: Rastrigin
N: 64
d: 2
Seed: 22520281
Best solution: [-0.02726753  0.0293993 ]
Best fitness: 0.31813887920150563
############################################################
Objective: Rastrigin
N: 64
d: 2
Seed: 22520282
Best solution: [-0.01223246  0.03225315]
Best fitness: 0.2353501242360565
############################################################
Objective: Rastrigin
N: 64
d: 2
Seed: 22520283
Best solution: [-0.00138685  0.0077902 ]
Best fitness: 0.012419047285412432
############################################################
Objective: Rastrigin
N: 64
d: 2
Seed: 22520284
Best solution: [ 0.01402821 -0.01678234]
Best fitness: 0.0948416050440315
############################################################
Objective: Rastrigin
N: 64
d: 2
Seed: 22520285
Best solution: [ 0.00665588 -0.00320474]
Best fitness: 0.010825146772845073
############################################################
Objective: Rastrigin
N: 64
d: 2
Seed: 22520286
Best solution: [-0.01414504  0.03244335]
Best fitness: 0.24777205818955395
############################################################
Objective: Rastrigin
N: 64
d: 2
Seed: 22520287
Best solution: [ 0.00926024 -0.00499794]
Best fitness: 0.021963077728209157
