############################################################
Objective: Ackley
N: 16
d: 10
Seed: 22520278
Best solution: [-1.60375240e-08  2.30220070e-08 -2.20669622e-08  1.39947886e-08
 -3.77429342e-08  1.27142174e-08  1.64754710e-08  2.17001892e-08
  8.57394542e-09 -7.78536582e-09]
Best fitness: 7.932380485797808e-08
############################################################
Objective: Ackley
N: 16
d: 10
Seed: 22520279
Best solution: [-4.29458093e-10 -3.91511305e-09  1.11864206e-09 -1.42242388e-09
  1.18798310e-10 -2.36739588e-09  1.55979613e-09 -4.07489720e-11
 -6.74654752e-09 -1.23009078e-09]
Best fitness: 1.0871581412885689e-08
############################################################
Objective: Ackley
N: 16
d: 10
Seed: 22520280
Best solution: [ 7.87013890e-09  3.06024362e-09 -2.64988120e-09  3.86050802e-09
  1.98338938e-09  6.97612033e-10  1.33946519e-10  7.45005213e-10
 -2.66405425e-09  6.47387813e-09]
Best fitness: 1.534829552340966e-08
############################################################
Objective: Ackley
N: 16
d: 10
Seed: 22520281
Best solution: [ 1.20725202e-08 -2.52985063e-09  3.28505952e-09  2.61289099e-09
  5.21163272e-10  6.99065489e-09 -1.87697136e-09 -3.66832807e-09
 -2.67129107e-09 -8.24938845e-09]
Best fitness: 2.230958218163437e-08
############################################################
Objective: Ackley
N: 16
d: 10
Seed: 22520282
Best solution: [-4.23942312e-10  1.19656992e-09  1.98197116e-09  6.24580691e-10
 -1.07612743e-09  2.55092556e-10  7.18196471e-10  6.89665612e-10
 -3.04057881e-10  6.90307618e-10]
Best fitness: 3.733817255380245e-09
############################################################
Objective: Ackley
N: 16
d: 10
Seed: 22520283
Best solution: [-3.17269493e-09 -4.13721325e-09 -6.61844988e-09 -5.06004502e-09
 -2.94780061e-09 -7.03101936e-09  2.72218312e-09  6.70923623e-09
 -2.09709725e-10 -6.06963176e-09]
Best fitness: 1.975950469912391e-08
############################################################
Objective: Ackley
N: 16
d: 10
Seed: 22520284
Best solution: [-4.20405532e-09  2.97047090e-09 -1.16098697e-09  3.14524470e-09
  3.49098044e-09 -4.49642271e-09 -1.35619904e-09  6.33346670e-09
  2.97184261e-09 -9.94488979e-10]
Best fitness: 1.3966584777591606e-08
############################################################
Objective: Ackley
N: 16
d: 10
Seed: 22520285
Best solution: [-5.70745491e-09 -2.81155375e-09  1.47231382e-09 -7.13134378e-09
  3.68625610e-10 -3.82375162e-09 -1.10949007e-08 -3.83571716e-11
 -6.68593451e-09 -7.36829025e-09]
Best fitness: 2.2990513048881667e-08
############################################################
Objective: Ackley
N: 16
d: 10
Seed: 22520286
Best solution: [ 4.75026031e-09 -4.16020144e-09 -1.59933598e-08 -1.52280625e-08
 -8.50122356e-09 -3.82776947e-09  8.00479020e-09  1.58147779e-08
  5.39397068e-09 -2.61167103e-09]
Best fitness: 3.928513381268317e-08
############################################################
Objective: Ackley
N: 16
d: 10
Seed: 22520287
Best solution: [-2.79538478e-10  3.93340716e-09  3.98704006e-10  2.24641142e-09
  1.59705414e-09 -3.76093896e-10  2.73743861e-09 -4.67265851e-09
 -3.89569611e-09  2.86657051e-09]
Best fitness: 1.1039432923354298e-08
