############################################################
Objective: Ackley
N: 64
d: 2
Seed: 22520278
Best solution: [-0.00975251  0.00075829]
Best fitness: 0.0302134964151084
############################################################
Objective: Ackley
N: 64
d: 2
Seed: 22520279
Best solution: [ 0.01477189 -0.00120297]
Best fitness: 0.04775806717525599
############################################################
Objective: Ackley
N: 64
d: 2
Seed: 22520280
Best solution: [ 0.00370491 -0.00321286]
Best fitness: 0.014510767763962651
############################################################
Objective: Ackley
N: 64
d: 2
Seed: 22520281
Best solution: [-0.0131145  -0.00491111]
Best fitness: 0.04482335517200342
############################################################
Objective: Ackley
N: 64
d: 2
Seed: 22520282
Best solution: [-0.00709933  0.00729771]
Best fitness: 0.03155514976582596
############################################################
Objective: Ackley
N: 64
d: 2
Seed: 22520283
Best solution: [-0.00054879  0.00790138]
Best fitness: 0.024071939058654568
############################################################
Objective: Ackley
N: 64
d: 2
Seed: 22520284
Best solution: [-0.00203931 -0.01049535]
Best fitness: 0.03328166174361913
############################################################
Objective: Ackley
N: 64
d: 2
Seed: 22520285
Best solution: [0.00720009 0.00497759]
Best fitness: 0.02679681485149432
############################################################
Objective: Ackley
N: 64
d: 2
Seed: 22520286
Best solution: [0.00056398 0.00781797]
Best fitness: 0.0238052238916997
############################################################
Objective: Ackley
N: 64
d: 2
Seed: 22520287
Best solution: [0.010182   0.00344315]
Best fitness: 0.033474713955147894
