############################################################
Objective: Griewank
N: 64
d: 2
Seed: 22520278
Best solution: [ 6.13071287 -0.19255608]
Best fitness: 0.030154875311328322
############################################################
Objective: Griewank
N: 64
d: 2
Seed: 22520279
Best solution: [-0.02325907 -8.97733499]
Best fitness: 0.022513677563820944
############################################################
Objective: Griewank
N: 64
d: 2
Seed: 22520280
Best solution: [-6.21540372  0.01373956]
Best fitness: 0.012001235429081492
############################################################
Objective: Griewank
N: 64
d: 2
Seed: 22520281
Best solution: [3.32362468 4.7153915 ]
Best fitness: 0.043044546793046035
############################################################
Objective: Griewank
N: 64
d: 2
Seed: 22520282
Best solution: [ 0.12229618 -8.76305209]
Best fitness: 0.03040457871699065
############################################################
Objective: Griewank
N: 64
d: 2
Seed: 22520283
Best solution: [ 0.17203727 -8.70041047]
Best fitness: 0.042143891048693094
############################################################
Objective: Griewank
N: 64
d: 2
Seed: 22520284
Best solution: [-6.46549374 -8.6882608 ]
Best fitness: 0.055469201208210306
############################################################
Objective: Griewank
N: 64
d: 2
Seed: 22520285
Best solution: [-9.28328981  4.45930274]
Best fitness: 0.03657570249697584
############################################################
Objective: Griewank
N: 64
d: 2
Seed: 22520286
Best solution: [-12.55983116   9.10417091]
Best fitness: 0.07208145674813626
############################################################
Objective: Griewank
N: 64
d: 2
Seed: 22520287
Best solution: [-3.15506628  4.30334531]
Best fitness: 0.012072372115322971
