############################################################
Objective: Rastrigin
N: 16
d: 2
Seed: 22520278
Best solution: [-9.94958639e-01 -1.37012727e-09]
Best fitness: 0.9949590570932898
############################################################
Objective: Rastrigin
N: 16
d: 2
Seed: 22520279
Best solution: [2.73152442e-09 3.25756630e-10]
Best fitness: 0.0
############################################################
Objective: Rastrigin
N: 16
d: 2
Seed: 22520280
Best solution: [ 5.81800994e-10 -2.60922192e-09]
Best fitness: 0.0
############################################################
Objective: Rastrigin
N: 16
d: 2
Seed: 22520281
Best solution: [ 5.04396342e-09 -2.89462675e-09]
Best fitness: 7.105427357601002e-15
############################################################
Objective: Rastrigin
N: 16
d: 2
Seed: 22520282
Best solution: [9.09097831e-10 1.38908261e-09]
Best fitness: 0.0
############################################################
Objective: Rastrigin
N: 16
d: 2
Seed: 22520283
Best solution: [2.14477792e-09 6.66846686e-10]
Best fitness: 0.0
############################################################
Objective: Rastrigin
N: 16
d: 2
Seed: 22520284
Best solution: [-4.32201709e-09 -3.94134411e-10]
Best fitness: 3.552713678800501e-15
############################################################
Objective: Rastrigin
N: 16
d: 2
Seed: 22520285
Best solution: [ 8.64355259e-10 -2.68268297e-09]
Best fitness: 0.0
############################################################
Objective: Rastrigin
N: 16
d: 2
Seed: 22520286
Best solution: [3.69407605e-09 1.35139745e-09]
Best fitness: 0.0
############################################################
Objective: Rastrigin
N: 16
d: 2
Seed: 22520287
Best solution: [-1.67627561e-10  9.06762821e-10]
Best fitness: 0.0
