############################################################
Objective: Ackley
N: 32
d: 10
Seed: 22520278
Best solution: [-2.15693634e-05 -1.71936244e-04  5.90060538e-05  3.52008211e-05
  3.20629931e-05  5.20407669e-04  2.98376216e-04  3.66436527e-04
  1.22190969e-04  1.41954356e-04]
Best fitness: 0.0009537863496551502
############################################################
Objective: Ackley
N: 32
d: 10
Seed: 22520279
Best solution: [ 0.00045362  0.00112709 -0.00010968 -0.00033735 -0.0004058  -0.00031316
  0.00027036 -0.00070717  0.0002701  -0.00065516]
Best fitness: 0.0021845513944040995
############################################################
Objective: Ackley
N: 32
d: 10
Seed: 22520280
Best solution: [ 6.83434874e-04  1.57185221e-03  2.13751576e-04 -2.99590802e-04
 -5.02330368e-04  8.66222391e-04 -5.10114470e-04  8.42767145e-05
 -9.37491534e-05  5.05626306e-04]
Best fitness: 0.0027397375930147128
############################################################
Objective: Ackley
N: 32
d: 10
Seed: 22520281
Best solution: [-5.89438370e-04 -2.32259770e-04 -3.07678892e-05  3.12514668e-04
  3.41003302e-04 -2.82638366e-04  3.94298025e-04  2.64329491e-04
  1.09210295e-04 -5.33388495e-05]
Best fitness: 0.0012289306680028922
############################################################
Objective: Ackley
N: 32
d: 10
Seed: 22520282
Best solution: [-1.61199642e-04 -5.10941522e-05 -3.91244094e-04 -1.66660886e-04
  1.47742452e-05 -2.95549329e-04  3.73704346e-04 -6.63376652e-04
 -5.16226590e-04 -2.38574512e-04]
Best fitness: 0.0013921145426043502
############################################################
Objective: Ackley
N: 32
d: 10
Seed: 22520283
Best solution: [ 9.08917192e-04 -2.86421489e-04 -4.47206840e-04 -7.58996822e-04
 -5.54094616e-04 -3.25406127e-04 -9.12843422e-04  6.71910532e-05
 -4.15059779e-04 -3.97913956e-04]
Best fitness: 0.002303192848739588
############################################################
Objective: Ackley
N: 32
d: 10
Seed: 22520284
Best solution: [ 3.98513209e-04  1.88759778e-04  5.25580059e-04 -2.17862359e-04
  1.06224234e-04 -2.82286396e-04  4.66487623e-04 -1.00313070e-04
  5.09828076e-05 -1.80453672e-04]
Best fitness: 0.0011857935265990882
############################################################
Objective: Ackley
N: 32
d: 10
Seed: 22520285
Best solution: [ 2.85567986e-04 -8.75094661e-05 -1.17115277e-04  2.74508252e-04
  1.79256913e-04  2.55082368e-04 -5.57443260e-05 -7.63901420e-05
  1.66165727e-04  4.18462279e-04]
Best fitness: 0.0008854464792134031
############################################################
Objective: Ackley
N: 32
d: 10
Seed: 22520286
Best solution: [-6.13449809e-04  2.54070688e-04  2.16312457e-04 -7.29599827e-04
 -8.06430743e-04  1.42948197e-03  9.09695786e-04  3.61794299e-04
  6.07744731e-04 -6.51648465e-05]
Best fitness: 0.0028682153702317414
############################################################
Objective: Ackley
N: 32
d: 10
Seed: 22520287
Best solution: [-1.07514004e-03  9.64738168e-05  2.88793741e-04  2.24985049e-04
 -2.23186018e-04  1.86276540e-04  1.18696208e-03  1.02321718e-03
  5.37016016e-04 -5.44840245e-04]
Best fitness: 0.0026843481394753788
