############################################################
Objective: Sphere
N: 64
d: 2
Seed: 22520278
Best solution: [ 0.00051472 -0.00032344]
Best fitness: 3.695476890871847e-07
############################################################
Objective: Sphere
N: 64
d: 2
Seed: 22520279
Best solution: [-7.70328914e-04 -9.34222448e-05]
Best fitness: 6.021343514562927e-07
############################################################
Objective: Sphere
N: 64
d: 2
Seed: 22520280
Best solution: [-6.29015126e-05  3.75471727e-04]
Best fitness: 1.449356182491765e-07
############################################################
Objective: Sphere
N: 64
d: 2
Seed: 22520281
Best solution: [0.00062178 0.00053414]
Best fitness: 6.71909418736714e-07
############################################################
Objective: Sphere
N: 64
d: 2
Seed: 22520282
Best solution: [-0.00032801 -0.00020421]
Best fitness: 1.4929256731000056e-07
############################################################
Objective: Sphere
N: 64
d: 2
Seed: 22520283
Best solution: [0.00042993 0.00050052]
Best fitness: 4.3535956734943684e-07
############################################################
Objective: Sphere
N: 64
d: 2
Seed: 22520284
Best solution: [ 0.00036267 -0.00088931]
Best fitness: 9.223963936942237e-07
############################################################
Objective: Sphere
N: 64
d: 2
Seed: 22520285
Best solution: [ 0.00110049 -0.00103948]
Best fitness: 2.2916028133455023e-06
############################################################
Objective: Sphere
N: 64
d: 2
Seed: 22520286
Best solution: [-0.00025472  0.00051449]
Best fitness: 3.29580923729551e-07
############################################################
Objective: Sphere
N: 64
d: 2
Seed: 22520287
Best solution: [ 5.74663642e-04 -2.61394909e-05]
Best fitness: 3.3092157497322555e-07
