############################################################
Objective: Sphere
N: 128
d: 10
Seed: 22520278
Best solution: [ 0.20949848  0.01514007  0.07424342  0.0953905  -0.00480498  0.16086658
 -0.08074238 -0.0055803   0.07317014  0.11867329]
Best fitness: 0.11061910262180143
############################################################
Objective: Sphere
N: 128
d: 10
Seed: 22520279
Best solution: [-0.06404792 -0.01366427  0.01780836  0.10679996 -0.0017085   0.14677609
  0.14279761 -0.1656531   0.02410797  0.13834058]
Best fitness: 0.10510977411991707
############################################################
Objective: Sphere
N: 128
d: 10
Seed: 22520280
Best solution: [ 0.08363258 -0.06011854  0.04855829 -0.17206818  0.25529636  0.06666185
 -0.18167719 -0.01559561 -0.1088049   0.08072818]
Best fitness: 0.16379941578548024
############################################################
Objective: Sphere
N: 128
d: 10
Seed: 22520281
Best solution: [ 0.046653   -0.01648055 -0.14484002  0.15927534 -0.03697546 -0.31693138
  0.0073768  -0.04838471 -0.15540996  0.0394122 ]
Best fitness: 0.17870913323457455
############################################################
Objective: Sphere
N: 128
d: 10
Seed: 22520282
Best solution: [-0.06944638 -0.02460164 -0.01723506 -0.04529909 -0.02734468  0.00901676
 -0.05204596 -0.10588941 -0.08159762 -0.33616351]
Best fitness: 0.14219155682918272
############################################################
Objective: Sphere
N: 128
d: 10
Seed: 22520283
Best solution: [ 0.00455689 -0.04763848  0.03062363  0.11144751  0.1762547  -0.02089066
 -0.13428429 -0.07636077  0.13316721 -0.26151195]
Best fitness: 0.1571359277559114
############################################################
Objective: Sphere
N: 128
d: 10
Seed: 22520284
Best solution: [ 0.00920465 -0.18776949  0.32458963 -0.09886923 -0.00534654  0.0119859
 -0.18220938 -0.13588461  0.09511299  0.12623979]
Best fitness: 0.22729575293977763
############################################################
Objective: Sphere
N: 128
d: 10
Seed: 22520285
Best solution: [ 0.22183973  0.10007744 -0.08511329 -0.00808366  0.2632333   0.24420015
  0.01312527  0.02785347 -0.22935159 -0.13971795]
Best fitness: 0.26853480697121485
############################################################
Objective: Sphere
N: 128
d: 10
Seed: 22520286
Best solution: [ 0.06544051 -0.25027699 -0.02853727  0.09779771  0.00160666  0.05448696
  0.16936154 -0.12851112  0.11151717  0.14281554]
Best fitness: 0.15830200464790933
############################################################
Objective: Sphere
N: 128
d: 10
Seed: 22520287
Best solution: [ 0.12315305 -0.09849059 -0.24310466 -0.0476878   0.01172752 -0.1097527
 -0.14875022  0.24397447 -0.05888982 -0.09917525]
Best fitness: 0.19337817223099904
