############################################################
Objective: Griewank
N: 128
d: 2
Seed: 22520278
Best solution: [18.86055081  0.20826644]
Best fitness: 0.09982487099470916
############################################################
Objective: Griewank
N: 128
d: 2
Seed: 22520279
Best solution: [-6.4503546  18.27829771]
Best fitness: 0.1704994811666194
############################################################
Objective: Griewank
N: 128
d: 2
Seed: 22520280
Best solution: [-6.39047624  9.08641795]
Best fitness: 0.04659110740024497
############################################################
Objective: Griewank
N: 128
d: 2
Seed: 22520281
Best solution: [-6.16768694  8.75252208]
Best fitness: 0.039729921352806064
############################################################
Objective: Griewank
N: 128
d: 2
Seed: 22520282
Best solution: [6.21947664 0.13389233]
Best fitness: 0.01617302200127213
############################################################
Objective: Griewank
N: 128
d: 2
Seed: 22520283
Best solution: [-6.06307066  8.40258703]
Best fitness: 0.10737397951481209
############################################################
Objective: Griewank
N: 128
d: 2
Seed: 22520284
Best solution: [9.0416654  4.10762642]
Best fitness: 0.12309082225178503
############################################################
Objective: Griewank
N: 128
d: 2
Seed: 22520285
Best solution: [3.18141652 4.53614193]
Best fitness: 0.010639162749591757
############################################################
Objective: Griewank
N: 128
d: 2
Seed: 22520286
Best solution: [2.87303231 4.40576944]
Best fitness: 0.04309437137945138
############################################################
Objective: Griewank
N: 128
d: 2
Seed: 22520287
Best solution: [-5.93139882 -8.88713456]
Best fitness: 0.0897824713012133
