############################################################
Objective: Rastrigin
N: 16
d: 10
Seed: 22520278
Best solution: [ 0.05116263 -0.87996757 -1.04815157  0.10793221  0.08054033 -0.03350385
  0.01898252 -1.0638014  -0.9441591  -1.02034669]
Best fitness: 13.87905306944812
############################################################
Objective: Rastrigin
N: 16
d: 10
Seed: 22520279
Best solution: [ 0.00603531 -1.02450253 -0.97837     0.05014936 -0.00436543 -0.02451799
 -0.02326043  0.09453743 -0.03944072 -0.04947642]
Best fitness: 5.45997555814148
############################################################
Objective: Rastrigin
N: 16
d: 10
Seed: 22520280
Best solution: [ 0.01974907  0.00749206  0.02372176 -0.06341818  1.0237691   1.01193906
 -0.97820234 -0.05597477  0.04479969 -1.0043135 ]
Best fitness: 6.272520050220464
############################################################
Objective: Rastrigin
N: 16
d: 10
Seed: 22520281
Best solution: [-0.95209609  0.03243036  0.0476111  -0.01241462  0.91070443  1.0343818
  0.9585982  -0.9026755  -0.03969062 -0.92942113]
Best fitness: 11.730164010781891
############################################################
Objective: Rastrigin
N: 16
d: 10
Seed: 22520282
Best solution: [-0.01323483 -0.05931106 -0.04030653 -0.01990145 -0.02010742  0.03752954
  0.02295682 -1.0021131  -0.98313224  0.90433481]
Best fitness: 6.1846858212481095
############################################################
Objective: Rastrigin
N: 16
d: 10
Seed: 22520283
Best solution: [ 0.04839201  0.03943756  0.05350241 -0.98345648 -1.01331681  1.02006527
  1.07810112  0.03902603  0.06422207 -0.97210547]
Best fitness: 9.081993458251873
############################################################
Objective: Rastrigin
N: 16
d: 10
Seed: 22520284
Best solution: [-0.00870984  1.046157    0.04414582  0.04507686  1.95282569 -0.04597586
  0.00426772 -0.0225093  -0.99566596  1.0393425 ]
Best fitness: 9.461008316208762
############################################################
Objective: Rastrigin
N: 16
d: 10
Seed: 22520285
Best solution: [ 0.03357496  0.04651736 -0.98074398  0.85818132 -0.95350949  0.08925091
  0.01111983 -0.02655246  1.03587703  1.12147556]
Best fitness: 14.52900514709846
############################################################
Objective: Rastrigin
N: 16
d: 10
Seed: 22520286
Best solution: [ 0.99315442  0.02403113 -0.99179775  1.0185673  -0.9543878  -0.13843275
  0.01970804 -0.06010285 -1.01400441 -0.0725783 ]
Best fitness: 10.979668692453174
############################################################
Objective: Rastrigin
N: 16
d: 10
Seed: 22520287
Best solution: [-0.01039029  0.00762946 -1.00754102  1.08311811  0.0384074   0.01027028
 -0.07843251  0.00332177 -0.91099579 -0.92932805]
Best fitness: 9.262581759991576
