############################################################
Objective: Ackley
N: 8
d: 2
Seed: 22520278
Best solution: [ 4.69790056e-17 -2.62895683e-16]
Best fitness: 4.440892098500626e-16
############################################################
Objective: Ackley
N: 8
d: 2
Seed: 22520279
Best solution: [6.11193786e-17 3.08516738e-16]
Best fitness: 4.440892098500626e-16
############################################################
Objective: Ackley
N: 8
d: 2
Seed: 22520280
Best solution: [-2.86036057e-16  4.90029926e-17]
Best fitness: 4.440892098500626e-16
############################################################
Objective: Ackley
N: 8
d: 2
Seed: 22520281
Best solution: [1.16217992e-16 3.20616750e-16]
Best fitness: 4.440892098500626e-16
############################################################
Objective: Ackley
N: 8
d: 2
Seed: 22520282
Best solution: [-7.33617953e-17 -1.76340441e-16]
Best fitness: 4.440892098500626e-16
############################################################
Objective: Ackley
N: 8
d: 2
Seed: 22520283
Best solution: [-2.42690041e-16 -8.10612111e-17]
Best fitness: 4.440892098500626e-16
############################################################
Objective: Ackley
N: 8
d: 2
Seed: 22520284
Best solution: [1.73045548e-16 5.90064033e-17]
Best fitness: 4.440892098500626e-16
############################################################
Objective: Ackley
N: 8
d: 2
Seed: 22520285
Best solution: [ 9.52166550e-01 -2.98625097e-09]
Best fitness: 2.5799275570298694
############################################################
Objective: Ackley
N: 8
d: 2
Seed: 22520286
Best solution: [ 1.36772843e-16 -2.61384754e-16]
Best fitness: 4.440892098500626e-16
############################################################
Objective: Ackley
N: 8
d: 2
Seed: 22520287
Best solution: [-3.28009481e-16  7.16025634e-17]
Best fitness: 4.440892098500626e-16
