############################################################
Objective: Griewank
N: 8
d: 10
Seed: 22520278
Best solution: [-3.14002262e+00 -4.80981003e-10  5.43324818e+00 -1.47094271e-08
 -2.09823275e-08 -4.29761813e-09  1.76719022e-08  6.95512106e-09
  1.87177763e-08  3.24925077e-08]
Best fitness: 0.00985728460782076
############################################################
Objective: Griewank
N: 8
d: 10
Seed: 22520279
Best solution: [ 2.76972468e-06  3.45889100e-06 -4.87596226e-06  3.14881921e-06
  3.47892232e-03 -7.67229359e+00 -7.98001630e-06  3.90820069e-05
  9.38254614e+00  3.58197383e-06]
Best fitness: 0.03686846099200547
############################################################
Objective: Griewank
N: 8
d: 10
Seed: 22520280
Best solution: [ 5.83848056e-09 -8.87688830e+00 -5.43324755e+00 -1.17258297e-08
  2.01727141e-08  1.30309630e-08 -8.28288133e+00  2.30214742e-09
  3.02082804e-08 -7.28511920e-09]
Best fitness: 0.04432217040416553
############################################################
Objective: Griewank
N: 8
d: 10
Seed: 22520281
Best solution: [ 1.60048090e-06  4.43844509e+00  5.43324675e+00 -3.01976809e-06
  4.30328037e-06  7.67228160e+00 -8.28287751e+00  1.19704265e-07
 -8.67840523e-07 -3.38777939e-07]
Best fitness: 0.0442926770774037
############################################################
Objective: Griewank
N: 8
d: 10
Seed: 22520282
Best solution: [-6.28004435e+00 -2.21922175e+01  5.43324578e+00 -2.45634713e-08
  8.15958031e-09  7.67227579e+00  1.91182472e-08 -1.10112931e-08
 -1.42514974e-08 -9.88515145e+00]
Best fitness: 0.17981394191865963
############################################################
Objective: Griewank
N: 8
d: 10
Seed: 22520283
Best solution: [-3.14034863e+00 -8.91597737e+00 -2.24770279e-04  2.28477558e-04
 -8.47222249e-05 -8.29145718e-04 -1.89082979e-04  2.04808980e-04
  9.38257952e+00  5.26049122e-04]
Best fitness: 0.044675254913329576
############################################################
Objective: Griewank
N: 8
d: 10
Seed: 22520284
Best solution: [ 3.14000915e+00  4.43844136e+00 -5.43310009e+00  1.94522643e-04
 -1.88183433e-05  1.65027679e-04  8.28291066e+00  5.70078607e-05
  3.67291987e-04  3.00489960e-05]
Best fitness: 0.031998741066818326
############################################################
Objective: Griewank
N: 8
d: 10
Seed: 22520285
Best solution: [ 8.07368148e-09  4.43844376e+00 -5.43324691e+00  2.04755980e-08
 -7.00729392e+00 -5.50932136e-09  5.53197310e-09  1.60611104e-09
  7.45560442e-09 -9.88515815e+00]
Best fitness: 0.0491784746673426
############################################################
Objective: Griewank
N: 8
d: 10
Seed: 22520286
Best solution: [-3.14002174e+00  4.43844154e+00  5.43324274e+00  2.75729844e-07
 -8.26110624e-07  7.67226680e+00 -8.81071595e-07  1.77006952e+01
 -1.15640423e-06 -7.95176445e-02]
Best fitness: 0.10850711091754162
############################################################
Objective: Griewank
N: 8
d: 10
Seed: 22520287
Best solution: [-9.16396050e-07 -9.21789768e-06  1.08664886e+01  6.27064471e+00
 -1.19741699e-05  1.56875947e-05 -3.44066807e-06 -8.85036242e+00
 -2.09459144e-05  9.51861457e-06]
Best fitness: 0.05907493043055856
