############################################################
Objective: Sphere
N: 64
d: 10
Seed: 22520278
Best solution: [-0.00197444  0.00418959  0.0047384   0.00560012  0.00497861 -0.01067719
 -0.00480873 -0.00035105 -0.01348415 -0.00502551]
Best fitness: 0.0004443789603368195
############################################################
Objective: Sphere
N: 64
d: 10
Seed: 22520279
Best solution: [ 0.00530145  0.00231778  0.01145515  0.01658143 -0.0078997  -0.0028425
 -0.01952654  0.00496528  0.00515208  0.00788921]
Best fitness: 0.0010048503250554876
############################################################
Objective: Sphere
N: 64
d: 10
Seed: 22520280
Best solution: [ 0.01593271  0.01176803  0.00472709 -0.01892366 -0.00766238  0.00471269
 -0.02344074  0.01049787  0.00559034 -0.00562162]
Best fitness: 0.001576237677864379
############################################################
Objective: Sphere
N: 64
d: 10
Seed: 22520281
Best solution: [-0.01267858 -0.00245898  0.00117509 -0.00457382  0.00301845  0.00418679
  0.00161867 -0.01772653  0.01646071  0.0062041 ]
Best fitness: 0.0008420297906216792
############################################################
Objective: Sphere
N: 64
d: 10
Seed: 22520282
Best solution: [ 0.00062371 -0.00618278  0.00459742  0.00092412  0.00133852 -0.00101485
  0.02024945  0.01398155 -0.00039397  0.0015411 ]
Best fitness: 0.0006714817108408024
############################################################
Objective: Sphere
N: 64
d: 10
Seed: 22520283
Best solution: [-0.00753564 -0.00016156  0.0184672   0.01158342  0.00034485  0.00039664
  0.00560017  0.0136472   0.00440121 -0.0117188 ]
Best fitness: 0.0009066101679178407
############################################################
Objective: Sphere
N: 64
d: 10
Seed: 22520284
Best solution: [ 0.02061905  0.00259587  0.00036925 -0.00476342 -0.00350584  0.01623516
  0.01137915  0.00348978  0.01484827  0.0082759 ]
Best fitness: 0.0011612067002287245
############################################################
Objective: Sphere
N: 64
d: 10
Seed: 22520285
Best solution: [-0.00169846 -0.00414268 -0.01302793 -0.00376034 -0.00030363 -0.01424813
  0.00434813  0.01384943  0.01220181 -0.0158671 ]
Best fitness: 0.0010183769541023745
############################################################
Objective: Sphere
N: 64
d: 10
Seed: 22520286
Best solution: [ 0.00146718  0.00404781 -0.0265632   0.01023125  0.00153461  0.02228703
 -0.00235664 -0.00687306  0.00959666  0.00042953]
Best fitness: 0.0014729592804938385
############################################################
Objective: Sphere
N: 64
d: 10
Seed: 22520287
Best solution: [ 0.00705594 -0.00992672  0.00630313  0.00571847  0.00223005 -0.00688666
 -0.01340203 -0.00314977 -0.01218956  0.00122597]
Best fitness: 0.0006127792227244003
