############################################################
Objective: Rosenbrock
N: 8
d: 2
Seed: 22520278
Best solution: [1. 1.]
Best fitness: 1.894323895395671e-20
############################################################
Objective: Rosenbrock
N: 8
d: 2
Seed: 22520279
Best solution: [1.14117898 1.30290753]
Best fitness: 0.019969705340573123
############################################################
Objective: Rosenbrock
N: 8
d: 2
Seed: 22520280
Best solution: [1. 1.]
Best fitness: 1.0889152056678532e-21
############################################################
Objective: Rosenbrock
N: 8
d: 2
Seed: 22520281
Best solution: [0.83566926 0.69834203]
Best fitness: 0.0270045922487388
############################################################
Objective: Rosenbrock
N: 8
d: 2
Seed: 22520282
Best solution: [1. 1.]
Best fitness: 5.849977414845118e-23
############################################################
Objective: Rosenbrock
N: 8
d: 2
Seed: 22520283
Best solution: [1. 1.]
Best fitness: 1.5822422191319503e-20
############################################################
Objective: Rosenbrock
N: 8
d: 2
Seed: 22520284
Best solution: [1.60702417 2.58221586]
Best fitness: 0.3684880028702398
############################################################
Objective: Rosenbrock
N: 8
d: 2
Seed: 22520285
Best solution: [0.83889506 0.70278455]
Best fitness: 0.026047033068467125
############################################################
Objective: Rosenbrock
N: 8
d: 2
Seed: 22520286
Best solution: [1.00006643 1.00014016]
Best fitness: 9.732070662444369e-09
############################################################
Objective: Rosenbrock
N: 8
d: 2
Seed: 22520287
Best solution: [1.29187407 1.66893852]
Best fitness: 0.08519047287165457
