############################################################
Objective: Rastrigin
N: 8
d: 2
Seed: 22520278
Best solution: [9.94958636e-01 1.47655603e-09]
Best fitness: 0.9949590570932898
############################################################
Objective: Rastrigin
N: 8
d: 2
Seed: 22520279
Best solution: [-1.49905716e-09  3.07138837e-09]
Best fitness: 0.0
############################################################
Objective: Rastrigin
N: 8
d: 2
Seed: 22520280
Best solution: [-3.53521725e-10 -5.27377560e-10]
Best fitness: 0.0
############################################################
Objective: Rastrigin
N: 8
d: 2
Seed: 22520281
Best solution: [-9.94958636e-01 -1.55050002e-09]
Best fitness: 0.9949590570932898
############################################################
Objective: Rastrigin
N: 8
d: 2
Seed: 22520282
Best solution: [ 1.82494702e-10 -2.55559383e-09]
Best fitness: 0.0
############################################################
Objective: Rastrigin
N: 8
d: 2
Seed: 22520283
Best solution: [-1.19325221e-09 -6.24845347e-10]
Best fitness: 0.0
############################################################
Objective: Rastrigin
N: 8
d: 2
Seed: 22520284
Best solution: [-2.95461924e-09  6.26966114e-10]
Best fitness: 0.0
############################################################
Objective: Rastrigin
N: 8
d: 2
Seed: 22520285
Best solution: [-1.32768647e-09  9.94958635e-01]
Best fitness: 0.9949590570932898
############################################################
Objective: Rastrigin
N: 8
d: 2
Seed: 22520286
Best solution: [ 9.94958635e-01 -1.20183124e-09]
Best fitness: 0.9949590570932898
############################################################
Objective: Rastrigin
N: 8
d: 2
Seed: 22520287
Best solution: [ 9.86321753e-10 -2.17380524e-10]
Best fitness: 0.0
