############################################################
Objective: Griewank
N: 16
d: 2
Seed: 22520278
Best solution: [0.14321372 0.00039488]
Best fitness: 0.010242735299044736
############################################################
Objective: Griewank
N: 16
d: 2
Seed: 22520279
Best solution: [ 8.24223199e-05 -9.43145559e-05]
Best fitness: 5.6244504609281876e-09
############################################################
Objective: Griewank
N: 16
d: 2
Seed: 22520280
Best solution: [ 3.14362043 -4.44416886]
Best fitness: 0.00741071592420961
############################################################
Objective: Griewank
N: 16
d: 2
Seed: 22520281
Best solution: [0.0310789 0.0312627]
Best fitness: 0.000727607206570946
############################################################
Objective: Griewank
N: 16
d: 2
Seed: 22520282
Best solution: [-0.00025025  0.00019831]
Best fitness: 4.1168500386490336e-08
############################################################
Objective: Griewank
N: 16
d: 2
Seed: 22520283
Best solution: [ 3.2174222  -4.49294789]
Best fitness: 0.011133038090859304
############################################################
Objective: Griewank
N: 16
d: 2
Seed: 22520284
Best solution: [-0.01614612 -0.00496804]
Best fitness: 0.000136586693623153
############################################################
Objective: Griewank
N: 16
d: 2
Seed: 22520285
Best solution: [ 0.01926773 -0.00483654]
Best fitness: 0.000191562562661729
############################################################
Objective: Griewank
N: 16
d: 2
Seed: 22520286
Best solution: [ 6.27931013 -0.00774335]
Best fitness: 0.009879947129256106
############################################################
Objective: Griewank
N: 16
d: 2
Seed: 22520287
Best solution: [3.1400193  4.43844009]
Best fitness: 0.0073960403445066936
