############################################################
Objective: Sphere
N: 16
d: 2
Seed: 22520278
Best solution: [ 6.10215301e-11 -2.21219295e-11]
Best fitness: 4.2130069007415015e-21
############################################################
Objective: Sphere
N: 16
d: 2
Seed: 22520279
Best solution: [-5.41219872e-12  7.58549167e-13]
Best fitness: 2.9867291771525205e-23
############################################################
Objective: Sphere
N: 16
d: 2
Seed: 22520280
Best solution: [ 7.16967072e-12 -1.15956990e-11]
Best fitness: 1.8586441393607237e-22
############################################################
Objective: Sphere
N: 16
d: 2
Seed: 22520281
Best solution: [ 1.18520996e-12 -7.43649135e-13]
Best fitness: 1.9577366963603397e-24
############################################################
Objective: Sphere
N: 16
d: 2
Seed: 22520282
Best solution: [-3.10515075e-12 -5.09313585e-12]
Best fitness: 3.55819939239374e-23
############################################################
Objective: Sphere
N: 16
d: 2
Seed: 22520283
Best solution: [-4.64616191e-12  5.22064108e-12]
Best fitness: 4.884191375192688e-23
############################################################
Objective: Sphere
N: 16
d: 2
Seed: 22520284
Best solution: [9.66766443e-12 2.82832474e-11]
Best fitness: 8.934058169779157e-22
############################################################
Objective: Sphere
N: 16
d: 2
Seed: 22520285
Best solution: [1.14581216e-12 4.01618008e-12]
Best fitness: 1.7442587983210522e-23
############################################################
Objective: Sphere
N: 16
d: 2
Seed: 22520286
Best solution: [-2.52304038e-10 -7.72288283e-11]
Best fitness: 6.962161935270626e-20
############################################################
Objective: Sphere
N: 16
d: 2
Seed: 22520287
Best solution: [-6.38922687e-12 -3.86632831e-12]
Best fitness: 5.577071453185578e-23
