############################################################
Objective: Ackley
N: 128
d: 2
Seed: 22520278
Best solution: [ 0.13918434 -0.03098903]
Best fitness: 0.866870861389295
############################################################
Objective: Ackley
N: 128
d: 2
Seed: 22520279
Best solution: [0.01816468 0.10296674]
Best fitness: 0.5627699668224548
############################################################
Objective: Ackley
N: 128
d: 2
Seed: 22520280
Best solution: [ 0.01349991 -0.1349522 ]
Best fitness: 0.8072739507286042
############################################################
Objective: Ackley
N: 128
d: 2
Seed: 22520281
Best solution: [-0.00030353 -0.0654114 ]
Best fitness: 0.2950211690804463
############################################################
Objective: Ackley
N: 128
d: 2
Seed: 22520282
Best solution: [0.16722201 0.21357801]
Best fitness: 2.034898698838657
############################################################
Objective: Ackley
N: 128
d: 2
Seed: 22520283
Best solution: [-0.02957413  0.05960177]
Best fitness: 0.3023946271753144
############################################################
Objective: Ackley
N: 128
d: 2
Seed: 22520284
Best solution: [-0.07932323  0.201193  ]
Best fitness: 1.5165207902507452
############################################################
Objective: Ackley
N: 128
d: 2
Seed: 22520285
Best solution: [ 0.01153651 -0.12569065]
Best fitness: 0.7308238050676938
############################################################
Objective: Ackley
N: 128
d: 2
Seed: 22520286
Best solution: [0.14261105 0.00752462]
Best fitness: 0.8662203800470434
############################################################
Objective: Ackley
N: 128
d: 2
Seed: 22520287
Best solution: [ 0.05210053 -0.095403  ]
Best fitness: 0.5973115413571048
