############################################################
Objective: Griewank
N: 64
d: 10
Seed: 22520278
Best solution: [ -0.75692778  -4.59048262  -4.94639232  -6.7926374    0.46860487
  -7.19095416  -0.56485862  -9.2281421  -10.46537003  -0.29245317]
Best fitness: 0.50091869455244
############################################################
Objective: Griewank
N: 64
d: 10
Seed: 22520279
Best solution: [-8.71192319 -0.48403343  5.26537908  0.63270882 -0.95463829 -0.52684602
 -1.16508787  0.3808206   0.84128876 -0.93540553]
Best fitness: 0.5334389479324639
############################################################
Objective: Griewank
N: 64
d: 10
Seed: 22520280
Best solution: [-6.05437145  5.23133897 15.99238988  0.14919455 13.46944825  7.53920642
  7.83947785  1.25620705 -8.72987416  8.48083127]
Best fitness: 0.5874165401279097
############################################################
Objective: Griewank
N: 64
d: 10
Seed: 22520281
Best solution: [15.57980122  4.89992978 -5.57688706 -1.03634301 -7.61225134  0.01630407
 -0.61066617 -0.03565167 -0.94758585  2.39695321]
Best fitness: 0.5624672332777743
############################################################
Objective: Griewank
N: 64
d: 10
Seed: 22520282
Best solution: [-7.24374418 -9.00283674  5.19141019  5.92356504 -1.12754956 15.44724241
  8.1572032   1.90053078  9.78195473  0.43610219]
Best fitness: 0.7763896450774928
############################################################
Objective: Griewank
N: 64
d: 10
Seed: 22520283
Best solution: [-6.8614493   8.98890905  0.1935693  -5.62287596 -6.17334367 -6.01898634
  0.3415867   6.9036372   0.71465631  0.22861873]
Best fitness: 0.6556396484197212
############################################################
Objective: Griewank
N: 64
d: 10
Seed: 22520284
Best solution: [ 12.4423283    9.08169002  -6.20359284  -5.74144503  12.66923848
   7.29296488  -0.4358714    1.79098961  -0.21924801 -10.73759518]
Best fitness: 0.6312075411295288
############################################################
Objective: Griewank
N: 64
d: 10
Seed: 22520285
Best solution: [ 3.83384872e-01  9.14476506e+00 -4.31880062e+00 -1.20101929e+00
 -6.27987850e-03  1.83382094e+00 -4.30185742e-01  8.69862136e-01
 -7.72935244e+00 -9.44828593e-01]
Best fitness: 0.7086561426767403
############################################################
Objective: Griewank
N: 64
d: 10
Seed: 22520286
Best solution: [ -3.36931703 -12.85791989  21.13239271  -6.35787928   1.06502554
  -0.05562928   7.91675559  -7.40010647   0.43880459 -10.37290521]
Best fitness: 0.5825142718364205
############################################################
Objective: Griewank
N: 64
d: 10
Seed: 22520287
Best solution: [ -0.50655194   4.25930145   4.41296709 -12.0855044  -15.26549531
  -0.24857951  -0.11999116  -7.18556105  -8.98790734   0.91543532]
Best fitness: 0.6733370695027117
