############################################################
Objective: Sphere
N: 32
d: 10
Seed: 22520278
Best solution: [-2.41390870e-05 -2.40594184e-05 -7.70906575e-06 -2.40982301e-05
 -2.29967302e-06 -1.57600894e-05  3.46638969e-05  2.69660981e-05
 -3.85707999e-05  2.87890677e-05]
Best fitness: 6.30064765767618e-09
############################################################
Objective: Sphere
N: 32
d: 10
Seed: 22520279
Best solution: [-6.23116725e-05 -5.76770954e-06 -1.07057441e-04 -9.87239336e-06
  1.43161689e-05  7.69295370e-06 -2.02311771e-05 -1.22566701e-04
 -4.79240887e-05  2.16016696e-05]
Best fitness: 3.3934152291603937e-08
############################################################
Objective: Sphere
N: 32
d: 10
Seed: 22520280
Best solution: [ 1.83849145e-05  4.60881527e-07 -1.07382745e-05  4.96491318e-05
 -4.46424675e-05 -3.80224644e-05 -5.50353010e-05  4.56720959e-05
 -2.14666539e-05  2.06745765e-05]
Best fitness: 1.2360302075558642e-08
############################################################
Objective: Sphere
N: 32
d: 10
Seed: 22520281
Best solution: [ 3.03632832e-06  4.29883193e-05 -1.68995118e-06 -1.92127070e-06
  4.47927519e-05  3.58899481e-05 -2.91253608e-05 -1.93256870e-05
 -9.35938021e-08 -4.09050153e-05]
Best fitness: 8.053238948329057e-09
############################################################
Objective: Sphere
N: 32
d: 10
Seed: 22520282
Best solution: [ 3.61795342e-05  3.14991504e-05 -4.95031670e-05  6.26372507e-05
  3.45688450e-05 -3.09044310e-05  6.52462831e-06  5.03586681e-05
 -2.19364762e-05 -1.27719626e-04]
Best fitness: 3.019731085585686e-08
############################################################
Objective: Sphere
N: 32
d: 10
Seed: 22520283
Best solution: [ 9.39094449e-05  5.68891918e-06 -3.40938189e-05 -8.62791015e-07
  4.28537920e-05 -1.58760931e-05 -1.15754213e-04 -5.69469046e-05
 -1.12357627e-05 -4.88467039e-05]
Best fitness: 3.125720895921248e-08
############################################################
Objective: Sphere
N: 32
d: 10
Seed: 22520284
Best solution: [ 4.94933097e-05  1.08859705e-05  4.76031728e-05 -9.78779551e-05
 -1.46089732e-05 -2.24109893e-05 -6.74148828e-06 -1.92727295e-05
 -5.80405743e-05  7.36483924e-05]
Best fitness: 2.433960250954379e-08
############################################################
Objective: Sphere
N: 32
d: 10
Seed: 22520285
Best solution: [ 5.85539625e-05 -1.11442516e-05  5.65959076e-05  3.16185883e-05
 -1.91919923e-05  1.71762556e-05 -3.69574457e-06  6.46160405e-05
 -2.41626319e-05 -1.80399781e-05]
Best fitness: 1.3517113883271228e-08
############################################################
Objective: Sphere
N: 32
d: 10
Seed: 22520286
Best solution: [-4.40714620e-05 -1.22659776e-05 -1.60699730e-05  4.52804617e-05
 -2.77437370e-05  9.47959770e-05  4.38447250e-05 -1.53933785e-04
 -6.86531304e-05  4.43173105e-05]
Best fitness: 4.64525507798771e-08
############################################################
Objective: Sphere
N: 32
d: 10
Seed: 22520287
Best solution: [ 7.71582261e-05  5.69841280e-05  1.75597558e-05 -8.21285878e-05
  1.16468081e-04 -7.27192707e-05  4.88174478e-05  1.06012931e-05
 -8.65194614e-05 -6.64653626e-05]
Best fitness: 4.950573112518264e-08
