############################################################
Objective: Griewank
N: 8
d: 2
Seed: 22520278
Best solution: [-6.26865857 -8.876888  ]
Best fitness: 0.0296490184214363
############################################################
Objective: Griewank
N: 8
d: 2
Seed: 22520279
Best solution: [ 3.14001413 -4.58979345]
Best fitness: 0.013123536206983033
############################################################
Objective: Griewank
N: 8
d: 2
Seed: 22520280
Best solution: [ 3.14002263 -4.43844449]
Best fitness: 0.007396040334115006
############################################################
Objective: Griewank
N: 8
d: 2
Seed: 22520281
Best solution: [ 6.28004529e+00 -3.00303407e-09]
Best fitness: 0.009864672061006163
############################################################
Objective: Griewank
N: 8
d: 2
Seed: 22520282
Best solution: [2.10200704e-09 2.69509862e-09]
Best fitness: 0.0
############################################################
Objective: Griewank
N: 8
d: 2
Seed: 22520283
Best solution: [-3.14002263 -4.43844449]
Best fitness: 0.007396040334115006
############################################################
Objective: Griewank
N: 8
d: 2
Seed: 22520284
Best solution: [-9.31373149 -4.43841701]
Best fitness: 0.032775566012409385
############################################################
Objective: Griewank
N: 8
d: 2
Seed: 22520285
Best solution: [ 2.14424431e-01 -1.07311820e-08]
Best fitness: 0.022912465920995384
############################################################
Objective: Griewank
N: 8
d: 2
Seed: 22520286
Best solution: [5.03489592e-02 9.29963721e-09]
Best fitness: 0.0012678748584914468
############################################################
Objective: Griewank
N: 8
d: 2
Seed: 22520287
Best solution: [-5.47008399e-09  5.27281692e-09]
Best fitness: 0.0
