############################################################
Objective: Rosenbrock
N: 64
d: 10
Seed: 22520278
Best solution: [-0.06142074 -0.0825724  -0.16804575 -0.0376708   0.13567925 -0.18060199
  0.4273922   0.01152752 -0.02945375  0.07821613]
Best fitness: 38.44541239049663
############################################################
Objective: Rosenbrock
N: 64
d: 10
Seed: 22520279
Best solution: [ 3.30507055e-02 -2.89116994e-01  1.35802848e-01  1.29204344e-04
  1.31590947e-01 -4.91892400e-01  3.00301915e-01 -1.50515670e-02
  7.22487965e-02  1.14828664e-01]
Best fitness: 49.26109217365299
############################################################
Objective: Rosenbrock
N: 64
d: 10
Seed: 22520280
Best solution: [ 0.62373763  0.4123431  -0.07945232 -0.04928092 -0.36290061  0.17767732
  0.1929314   0.22591447  0.35769766 -0.03489419]
Best fitness: 45.315272106301904
############################################################
Objective: Rosenbrock
N: 64
d: 10
Seed: 22520281
Best solution: [-0.08568396 -0.14721274  0.20625157 -0.06005375 -0.46454996  0.23352544
  0.06111009 -0.05248108 -0.01419015  0.11989089]
Best fitness: 40.577037685369056
############################################################
Objective: Rosenbrock
N: 64
d: 10
Seed: 22520282
Best solution: [ 0.25830519 -0.17190476  0.11259005 -0.11331033  0.04386301 -0.01821921
  0.15425919  0.01325788 -0.01179236  0.24483029]
Best fitness: 25.104113888771774
############################################################
Objective: Rosenbrock
N: 64
d: 10
Seed: 22520283
Best solution: [ 0.13227022  0.00787246  0.32255665  0.24025111 -0.02314806  0.17048285
  0.025123   -0.05367367  0.09320365 -0.11748454]
Best fitness: 25.9024279774522
############################################################
Objective: Rosenbrock
N: 64
d: 10
Seed: 22520284
Best solution: [ 0.41178261  0.38162338  0.0557347  -0.06020599 -0.12081174  0.03015752
  0.33538147 -0.06627132 -0.00604751  0.0991783 ]
Best fitness: 30.186466243562453
############################################################
Objective: Rosenbrock
N: 64
d: 10
Seed: 22520285
Best solution: [-0.39784827 -0.01037384  0.26735691  0.17448097  0.02210758 -0.07493665
 -0.04569413  0.02753332 -0.2904083   0.48932317]
Best fitness: 46.83986169068792
############################################################
Objective: Rosenbrock
N: 64
d: 10
Seed: 22520286
Best solution: [-0.5456467   0.45982562  0.40622947  0.27253449  0.48299955  0.05646386
  0.31867342  0.53976132  0.07586518  0.26613512]
Best fitness: 74.2386956505588
############################################################
Objective: Rosenbrock
N: 64
d: 10
Seed: 22520287
Best solution: [-0.95842299  0.96458763  0.74104823  0.61091523  0.16745319 -0.03625188
  0.16685584  0.36934319  0.25913036 -0.07496678]
Best fitness: 34.21814564394709
